#
# There is insufficient memory for the Java Runtime Environment to continue.
# Native memory allocation (malloc) failed to allocate 1803696 bytes for Chunk::new
# Possible reasons:
#   The system is out of physical RAM or swap space
#   The process is running with CompressedOops enabled, and the Java Heap may be blocking the growth of the native heap
# Possible solutions:
#   Reduce memory load on the system
#   Increase physical memory or swap space
#   Check if swap backing store is full
#   Decrease Java heap size (-Xmx/-Xms)
#   Decrease number of Java threads
#   Decrease Java thread stack sizes (-Xss)
#   Set larger code cache with -XX:ReservedCodeCacheSize=
#   JVM is running with Unscaled Compressed Oops mode in which the Java heap is
#     placed in the first 4GB address space. The Java Heap base address is the
#     maximum limit for the native heap growth. Please use -XX:HeapBaseMinAddress
#     to set the Java Heap base and to place the Java Heap above 4GB virtual address.
# This output file may be truncated or incomplete.
#
#  Out of Memory Error (arena.cpp:184), pid=7300, tid=6360
#
# JRE version: OpenJDK Runtime Environment (19.0.2+7) (build 19.0.2+7-44)
# Java VM: OpenJDK 64-Bit Server VM (19.0.2+7-44, mixed mode, sharing, tiered, compressed oops, compressed class ptrs, g1 gc, windows-amd64)
# No core dump will be written. Minidumps are not enabled by default on client versions of Windows
#

---------------  S U M M A R Y ------------

Command Line: -javaagent:C:\Program Files\JetBrains\IntelliJ IDEA Community Edition 2022.2.1\lib\idea_rt.jar=50638:C:\Program Files\JetBrains\IntelliJ IDEA Community Edition 2022.2.1\bin -Dfile.encoding=UTF-8 -Dsun.stdout.encoding=UTF-8 -Dsun.stderr.encoding=UTF-8 co.develhope.dependencyinjection.DependencyInjectionApplication

Host: Intel(R) Celeron(R) CPU B830 @ 1.80GHz, 2 cores, 5G,  Windows 10 , 64 bit Build 19041 (10.0.19041.2546)
Time: Tue Apr 18 18:04:41 2023 ora legale Europa occidentale elapsed time: 8.047001 seconds (0d 0h 0m 8s)

---------------  T H R E A D  ---------------

Current thread (0x00000203a90f8c00):  JavaThread "C2 CompilerThread0" daemon [_thread_in_native, id=6360, stack(0x000000bf00100000,0x000000bf00200000)]


Current CompileTask:
C2:   8047 2722   !   4       jdk.internal.loader.BuiltinClassLoader::loadClassOrNull (143 bytes)

Stack: [0x000000bf00100000,0x000000bf00200000]
Native frames: (J=compiled Java code, j=interpreted, Vv=VM code, C=native code)
V  [jvm.dll+0x6ee21a]
V  [jvm.dll+0x85765e]
V  [jvm.dll+0x85904e]
V  [jvm.dll+0x859703]
V  [jvm.dll+0x28298f]
V  [jvm.dll+0xc9adf]
V  [jvm.dll+0xc9e65]
V  [jvm.dll+0x3bca12]
V  [jvm.dll+0x3860e1]
V  [jvm.dll+0x38555a]
V  [jvm.dll+0x24c3d9]
V  [jvm.dll+0x24b781]
V  [jvm.dll+0x1d6ce1]
V  [jvm.dll+0x25b25a]
V  [jvm.dll+0x2596e8]
V  [jvm.dll+0x807588]
V  [jvm.dll+0x80125a]
V  [jvm.dll+0x6ecf0b]
C  [ucrtbase.dll+0x21bb2]
C  [KERNEL32.DLL+0x17614]
C  [ntdll.dll+0x526a1]


---------------  P R O C E S S  ---------------

Threads class SMR info:
_java_thread_list=0x00000203ae2769a0, length=15, elements={
0x000002038a9912f0, 0x00000203a90f0a00, 0x00000203a90f17f0, 0x00000203a90f43f0,
0x00000203a90f6d40, 0x00000203a90f7670, 0x00000203a90f7fa0, 0x00000203a90f8c00,
0x00000203a9165ec0, 0x00000203a9168450, 0x00000203a90c1560, 0x00000203ad6e3190,
0x00000203ad6e36d0, 0x00000203adce3fa0, 0x00000203adabdae0
}

Java Threads: ( => current thread )
  0x000002038a9912f0 JavaThread "main" [_thread_blocked, id=6536, stack(0x000000bf7f300000,0x000000bf7f400000)]
  0x00000203a90f0a00 JavaThread "Reference Handler" daemon [_thread_blocked, id=8024, stack(0x000000bf7fb00000,0x000000bf7fc00000)]
  0x00000203a90f17f0 JavaThread "Finalizer" daemon [_thread_blocked, id=8204, stack(0x000000bf7fc00000,0x000000bf7fd00000)]
  0x00000203a90f43f0 JavaThread "Signal Dispatcher" daemon [_thread_blocked, id=4804, stack(0x000000bf7fd00000,0x000000bf7fe00000)]
  0x00000203a90f6d40 JavaThread "Attach Listener" daemon [_thread_blocked, id=8524, stack(0x000000bf7fe00000,0x000000bf7ff00000)]
  0x00000203a90f7670 JavaThread "Service Thread" daemon [_thread_blocked, id=9156, stack(0x000000bf7ff00000,0x000000bf80000000)]
  0x00000203a90f7fa0 JavaThread "Monitor Deflation Thread" daemon [_thread_blocked, id=9000, stack(0x000000bf00000000,0x000000bf00100000)]
=>0x00000203a90f8c00 JavaThread "C2 CompilerThread0" daemon [_thread_in_native, id=6360, stack(0x000000bf00100000,0x000000bf00200000)]
  0x00000203a9165ec0 JavaThread "C1 CompilerThread0" daemon [_thread_in_vm, id=776, stack(0x000000bf00200000,0x000000bf00300000)]
  0x00000203a9168450 JavaThread "Sweeper thread" daemon [_thread_blocked, id=3820, stack(0x000000bf00300000,0x000000bf00400000)]
  0x00000203a90c1560 JavaThread "Common-Cleaner" daemon [_thread_blocked, id=2408, stack(0x000000bf00400000,0x000000bf00500000)]
  0x00000203ad6e3190 JavaThread "Monitor Ctrl-Break" daemon [_thread_in_native, id=7224, stack(0x000000bf00600000,0x000000bf00700000)]
  0x00000203ad6e36d0 JavaThread "Notification Thread" daemon [_thread_blocked, id=7380, stack(0x000000bf00700000,0x000000bf00800000)]
  0x00000203adce3fa0 JavaThread "Thread-0" [_thread_blocked, id=8112, stack(0x000000bf00500000,0x000000bf00600000)]
  0x00000203adabdae0 JavaThread "restartedMain" [_thread_in_vm, id=8180, stack(0x000000bf00a00000,0x000000bf00b00000)]

Other Threads:
  0x00000203a90d7380 VMThread "VM Thread" [stack: 0x000000bf7fa00000,0x000000bf7fb00000] [id=1804]
  0x000002038a991fc0 WatcherThread "VM Periodic Task Thread" [stack: 0x000000bf00800000,0x000000bf00900000] [id=4756]
  0x000002038a9de630 WorkerThread "GC Thread#0" [stack: 0x000000bf7f500000,0x000000bf7f600000] [id=1096]
  0x00000203ad7fea20 WorkerThread "GC Thread#1" [stack: 0x000000bf00900000,0x000000bf00a00000] [id=6200]
  0x000002038a9ec570 ConcurrentGCThread "G1 Main Marker" [stack: 0x000000bf7f600000,0x000000bf7f700000] [id=1360]
  0x000002038a9edec0 WorkerThread "G1 Conc#0" [stack: 0x000000bf7f700000,0x000000bf7f800000] [id=9152]
  0x000002038aa50590 ConcurrentGCThread "G1 Refine#0" [stack: 0x000000bf7f800000,0x000000bf7f900000] [id=7292]
  0x000002038aa50fe0 ConcurrentGCThread "G1 Service" [stack: 0x000000bf7f900000,0x000000bf7fa00000] [id=4720]

Threads with active compile tasks:
C2 CompilerThread0     8081 2722   !   4       jdk.internal.loader.BuiltinClassLoader::loadClassOrNull (143 bytes)
C1 CompilerThread0     8081 2788   !   3       org.springframework.beans.factory.support.AbstractBeanFactory::getMergedBeanDefinition (371 bytes)

VM state: not at safepoint (normal execution)

VM Mutex/Monitor currently owned by a thread:  ([mutex/lock_event])
[0x000002038a75c410] Metaspace_lock - owner thread: 0x00000203a9165ec0
[0x000002038a98c440] MethodData_lock - owner thread: 0x00000203a9165ec0

Heap address: 0x00000000a1a00000, size: 1510 MB, Compressed Oops mode: 32-bit

CDS archive(s) mapped at: [0x0000000800000000-0x0000000800c40000-0x0000000800c40000), size 12845056, SharedBaseAddress: 0x0000000800000000, ArchiveRelocationMode: 0.
Compressed class space mapped at: 0x0000000801000000-0x0000000841000000, reserved size: 1073741824
Narrow klass base: 0x0000000800000000, Narrow klass shift: 0, Narrow klass range: 0x100000000

GC Precious Log:
 CardTable entry size: 512
 Card Set container configuration: InlinePtr #cards 5 size 8 Array Of Cards #cards 12 size 40 Howl #buckets 4 coarsen threshold 1843 Howl Bitmap #cards 512 size 80 coarsen threshold 460 Card regions per heap region 1 cards per card region 2048
 CPUs: 2 total, 2 available
 Memory: 6033M
 Large Page Support: Disabled
 NUMA Support: Disabled
 Compressed Oops: Enabled (32-bit)
 Heap Region Size: 1M
 Heap Min Capacity: 8M
 Heap Initial Capacity: 96M
 Heap Max Capacity: 1510M
 Pre-touch: Disabled
 Parallel Workers: 2
 Concurrent Workers: 1
 Concurrent Refinement Workers: 2
 Periodic GC: Disabled

Heap:
 garbage-first heap   total 98304K, used 30595K [0x00000000a1a00000, 0x0000000100000000)
  region size 1024K, 28 young (28672K), 4 survivors (4096K)
 Metaspace       used 19165K, committed 19392K, reserved 1114112K
  class space    used 2237K, committed 2368K, reserved 1048576K

Heap Regions: E=young(eden), S=young(survivor), O=old, HS=humongous(starts), HC=humongous(continues), CS=collection set, F=free, OA=open archive, CA=closed archive, TAMS=top-at-mark-start (previous, next)
|   0|0x00000000a1a00000, 0x00000000a1b00000, 0x00000000a1b00000|100%| O|  |TAMS 0x00000000a1a00000, 0x00000000a1a00000| Untracked 
|   1|0x00000000a1b00000, 0x00000000a1c00000, 0x00000000a1c00000|100%| O|  |TAMS 0x00000000a1b00000, 0x00000000a1b00000| Untracked 
|   2|0x00000000a1c00000, 0x00000000a1d00000, 0x00000000a1d00000|100%| O|  |TAMS 0x00000000a1c00000, 0x00000000a1c00000| Untracked 
|   3|0x00000000a1d00000, 0x00000000a1d3ba00, 0x00000000a1e00000| 23%| O|  |TAMS 0x00000000a1d00000, 0x00000000a1d00000| Untracked 
|   4|0x00000000a1e00000, 0x00000000a1e00000, 0x00000000a1f00000|  0%| F|  |TAMS 0x00000000a1e00000, 0x00000000a1e00000| Untracked 
|   5|0x00000000a1f00000, 0x00000000a1f00000, 0x00000000a2000000|  0%| F|  |TAMS 0x00000000a1f00000, 0x00000000a1f00000| Untracked 
|   6|0x00000000a2000000, 0x00000000a2000000, 0x00000000a2100000|  0%| F|  |TAMS 0x00000000a2000000, 0x00000000a2000000| Untracked 
|   7|0x00000000a2100000, 0x00000000a2100000, 0x00000000a2200000|  0%| F|  |TAMS 0x00000000a2100000, 0x00000000a2100000| Untracked 
|   8|0x00000000a2200000, 0x00000000a2200000, 0x00000000a2300000|  0%| F|  |TAMS 0x00000000a2200000, 0x00000000a2200000| Untracked 
|   9|0x00000000a2300000, 0x00000000a2300000, 0x00000000a2400000|  0%| F|  |TAMS 0x00000000a2300000, 0x00000000a2300000| Untracked 
|  10|0x00000000a2400000, 0x00000000a2400000, 0x00000000a2500000|  0%| F|  |TAMS 0x00000000a2400000, 0x00000000a2400000| Untracked 
|  11|0x00000000a2500000, 0x00000000a2500000, 0x00000000a2600000|  0%| F|  |TAMS 0x00000000a2500000, 0x00000000a2500000| Untracked 
|  12|0x00000000a2600000, 0x00000000a2600000, 0x00000000a2700000|  0%| F|  |TAMS 0x00000000a2600000, 0x00000000a2600000| Untracked 
|  13|0x00000000a2700000, 0x00000000a2700000, 0x00000000a2800000|  0%| F|  |TAMS 0x00000000a2700000, 0x00000000a2700000| Untracked 
|  14|0x00000000a2800000, 0x00000000a2800000, 0x00000000a2900000|  0%| F|  |TAMS 0x00000000a2800000, 0x00000000a2800000| Untracked 
|  15|0x00000000a2900000, 0x00000000a2900000, 0x00000000a2a00000|  0%| F|  |TAMS 0x00000000a2900000, 0x00000000a2900000| Untracked 
|  16|0x00000000a2a00000, 0x00000000a2a00000, 0x00000000a2b00000|  0%| F|  |TAMS 0x00000000a2a00000, 0x00000000a2a00000| Untracked 
|  17|0x00000000a2b00000, 0x00000000a2b00000, 0x00000000a2c00000|  0%| F|  |TAMS 0x00000000a2b00000, 0x00000000a2b00000| Untracked 
|  18|0x00000000a2c00000, 0x00000000a2c00000, 0x00000000a2d00000|  0%| F|  |TAMS 0x00000000a2c00000, 0x00000000a2c00000| Untracked 
|  19|0x00000000a2d00000, 0x00000000a2d00000, 0x00000000a2e00000|  0%| F|  |TAMS 0x00000000a2d00000, 0x00000000a2d00000| Untracked 
|  20|0x00000000a2e00000, 0x00000000a2e00000, 0x00000000a2f00000|  0%| F|  |TAMS 0x00000000a2e00000, 0x00000000a2e00000| Untracked 
|  21|0x00000000a2f00000, 0x00000000a2f00000, 0x00000000a3000000|  0%| F|  |TAMS 0x00000000a2f00000, 0x00000000a2f00000| Untracked 
|  22|0x00000000a3000000, 0x00000000a3000000, 0x00000000a3100000|  0%| F|  |TAMS 0x00000000a3000000, 0x00000000a3000000| Untracked 
|  23|0x00000000a3100000, 0x00000000a3100000, 0x00000000a3200000|  0%| F|  |TAMS 0x00000000a3100000, 0x00000000a3100000| Untracked 
|  24|0x00000000a3200000, 0x00000000a3200000, 0x00000000a3300000|  0%| F|  |TAMS 0x00000000a3200000, 0x00000000a3200000| Untracked 
|  25|0x00000000a3300000, 0x00000000a3300000, 0x00000000a3400000|  0%| F|  |TAMS 0x00000000a3300000, 0x00000000a3300000| Untracked 
|  26|0x00000000a3400000, 0x00000000a3400000, 0x00000000a3500000|  0%| F|  |TAMS 0x00000000a3400000, 0x00000000a3400000| Untracked 
|  27|0x00000000a3500000, 0x00000000a3500000, 0x00000000a3600000|  0%| F|  |TAMS 0x00000000a3500000, 0x00000000a3500000| Untracked 
|  28|0x00000000a3600000, 0x00000000a3600000, 0x00000000a3700000|  0%| F|  |TAMS 0x00000000a3600000, 0x00000000a3600000| Untracked 
|  29|0x00000000a3700000, 0x00000000a3700000, 0x00000000a3800000|  0%| F|  |TAMS 0x00000000a3700000, 0x00000000a3700000| Untracked 
|  30|0x00000000a3800000, 0x00000000a3800000, 0x00000000a3900000|  0%| F|  |TAMS 0x00000000a3800000, 0x00000000a3800000| Untracked 
|  31|0x00000000a3900000, 0x00000000a3900000, 0x00000000a3a00000|  0%| F|  |TAMS 0x00000000a3900000, 0x00000000a3900000| Untracked 
|  32|0x00000000a3a00000, 0x00000000a3a00000, 0x00000000a3b00000|  0%| F|  |TAMS 0x00000000a3a00000, 0x00000000a3a00000| Untracked 
|  33|0x00000000a3b00000, 0x00000000a3b00000, 0x00000000a3c00000|  0%| F|  |TAMS 0x00000000a3b00000, 0x00000000a3b00000| Untracked 
|  34|0x00000000a3c00000, 0x00000000a3c00000, 0x00000000a3d00000|  0%| F|  |TAMS 0x00000000a3c00000, 0x00000000a3c00000| Untracked 
|  35|0x00000000a3d00000, 0x00000000a3d00000, 0x00000000a3e00000|  0%| F|  |TAMS 0x00000000a3d00000, 0x00000000a3d00000| Untracked 
|  36|0x00000000a3e00000, 0x00000000a3e00000, 0x00000000a3f00000|  0%| F|  |TAMS 0x00000000a3e00000, 0x00000000a3e00000| Untracked 
|  37|0x00000000a3f00000, 0x00000000a3f00000, 0x00000000a4000000|  0%| F|  |TAMS 0x00000000a3f00000, 0x00000000a3f00000| Untracked 
|  38|0x00000000a4000000, 0x00000000a4000000, 0x00000000a4100000|  0%| F|  |TAMS 0x00000000a4000000, 0x00000000a4000000| Untracked 
|  39|0x00000000a4100000, 0x00000000a4100000, 0x00000000a4200000|  0%| F|  |TAMS 0x00000000a4100000, 0x00000000a4100000| Untracked 
|  40|0x00000000a4200000, 0x00000000a4200000, 0x00000000a4300000|  0%| F|  |TAMS 0x00000000a4200000, 0x00000000a4200000| Untracked 
|  41|0x00000000a4300000, 0x00000000a4300000, 0x00000000a4400000|  0%| F|  |TAMS 0x00000000a4300000, 0x00000000a4300000| Untracked 
|  42|0x00000000a4400000, 0x00000000a4400000, 0x00000000a4500000|  0%| F|  |TAMS 0x00000000a4400000, 0x00000000a4400000| Untracked 
|  43|0x00000000a4500000, 0x00000000a4500000, 0x00000000a4600000|  0%| F|  |TAMS 0x00000000a4500000, 0x00000000a4500000| Untracked 
|  44|0x00000000a4600000, 0x00000000a4600000, 0x00000000a4700000|  0%| F|  |TAMS 0x00000000a4600000, 0x00000000a4600000| Untracked 
|  45|0x00000000a4700000, 0x00000000a4700000, 0x00000000a4800000|  0%| F|  |TAMS 0x00000000a4700000, 0x00000000a4700000| Untracked 
|  46|0x00000000a4800000, 0x00000000a4800000, 0x00000000a4900000|  0%| F|  |TAMS 0x00000000a4800000, 0x00000000a4800000| Untracked 
|  47|0x00000000a4900000, 0x00000000a4900000, 0x00000000a4a00000|  0%| F|  |TAMS 0x00000000a4900000, 0x00000000a4900000| Untracked 
|  48|0x00000000a4a00000, 0x00000000a4a00000, 0x00000000a4b00000|  0%| F|  |TAMS 0x00000000a4a00000, 0x00000000a4a00000| Untracked 
|  49|0x00000000a4b00000, 0x00000000a4b00000, 0x00000000a4c00000|  0%| F|  |TAMS 0x00000000a4b00000, 0x00000000a4b00000| Untracked 
|  50|0x00000000a4c00000, 0x00000000a4c00000, 0x00000000a4d00000|  0%| F|  |TAMS 0x00000000a4c00000, 0x00000000a4c00000| Untracked 
|  51|0x00000000a4d00000, 0x00000000a4d00000, 0x00000000a4e00000|  0%| F|  |TAMS 0x00000000a4d00000, 0x00000000a4d00000| Untracked 
|  52|0x00000000a4e00000, 0x00000000a4e00000, 0x00000000a4f00000|  0%| F|  |TAMS 0x00000000a4e00000, 0x00000000a4e00000| Untracked 
|  53|0x00000000a4f00000, 0x00000000a4f00000, 0x00000000a5000000|  0%| F|  |TAMS 0x00000000a4f00000, 0x00000000a4f00000| Untracked 
|  54|0x00000000a5000000, 0x00000000a5000000, 0x00000000a5100000|  0%| F|  |TAMS 0x00000000a5000000, 0x00000000a5000000| Untracked 
|  55|0x00000000a5100000, 0x00000000a5100000, 0x00000000a5200000|  0%| F|  |TAMS 0x00000000a5100000, 0x00000000a5100000| Untracked 
|  56|0x00000000a5200000, 0x00000000a52a52a8, 0x00000000a5300000| 64%| S|CS|TAMS 0x00000000a5200000, 0x00000000a5200000| Complete 
|  57|0x00000000a5300000, 0x00000000a5400000, 0x00000000a5400000|100%| S|CS|TAMS 0x00000000a5300000, 0x00000000a5300000| Complete 
|  58|0x00000000a5400000, 0x00000000a5500000, 0x00000000a5500000|100%| S|CS|TAMS 0x00000000a5400000, 0x00000000a5400000| Complete 
|  59|0x00000000a5500000, 0x00000000a5600000, 0x00000000a5600000|100%| S|CS|TAMS 0x00000000a5500000, 0x00000000a5500000| Complete 
|  60|0x00000000a5600000, 0x00000000a5600000, 0x00000000a5700000|  0%| F|  |TAMS 0x00000000a5600000, 0x00000000a5600000| Untracked 
|  61|0x00000000a5700000, 0x00000000a5700000, 0x00000000a5800000|  0%| F|  |TAMS 0x00000000a5700000, 0x00000000a5700000| Untracked 
|  62|0x00000000a5800000, 0x00000000a5800000, 0x00000000a5900000|  0%| F|  |TAMS 0x00000000a5800000, 0x00000000a5800000| Untracked 
|  63|0x00000000a5900000, 0x00000000a5900000, 0x00000000a5a00000|  0%| F|  |TAMS 0x00000000a5900000, 0x00000000a5900000| Untracked 
|  64|0x00000000a5a00000, 0x00000000a5a00000, 0x00000000a5b00000|  0%| F|  |TAMS 0x00000000a5a00000, 0x00000000a5a00000| Untracked 
|  65|0x00000000a5b00000, 0x00000000a5b00000, 0x00000000a5c00000|  0%| F|  |TAMS 0x00000000a5b00000, 0x00000000a5b00000| Untracked 
|  66|0x00000000a5c00000, 0x00000000a5c00000, 0x00000000a5d00000|  0%| F|  |TAMS 0x00000000a5c00000, 0x00000000a5c00000| Untracked 
|  67|0x00000000a5d00000, 0x00000000a5d00000, 0x00000000a5e00000|  0%| F|  |TAMS 0x00000000a5d00000, 0x00000000a5d00000| Untracked 
|  68|0x00000000a5e00000, 0x00000000a5e00000, 0x00000000a5f00000|  0%| F|  |TAMS 0x00000000a5e00000, 0x00000000a5e00000| Untracked 
|  69|0x00000000a5f00000, 0x00000000a5f00000, 0x00000000a6000000|  0%| F|  |TAMS 0x00000000a5f00000, 0x00000000a5f00000| Untracked 
|  70|0x00000000a6000000, 0x00000000a6000000, 0x00000000a6100000|  0%| F|  |TAMS 0x00000000a6000000, 0x00000000a6000000| Untracked 
|  71|0x00000000a6100000, 0x00000000a6100000, 0x00000000a6200000|  0%| F|  |TAMS 0x00000000a6100000, 0x00000000a6100000| Untracked 
|  72|0x00000000a6200000, 0x00000000a62bbb78, 0x00000000a6300000| 73%| E|  |TAMS 0x00000000a6200000, 0x00000000a6200000| Complete 
|  73|0x00000000a6300000, 0x00000000a6400000, 0x00000000a6400000|100%| E|CS|TAMS 0x00000000a6300000, 0x00000000a6300000| Complete 
|  74|0x00000000a6400000, 0x00000000a6500000, 0x00000000a6500000|100%| E|CS|TAMS 0x00000000a6400000, 0x00000000a6400000| Complete 
|  75|0x00000000a6500000, 0x00000000a6600000, 0x00000000a6600000|100%| E|CS|TAMS 0x00000000a6500000, 0x00000000a6500000| Complete 
|  76|0x00000000a6600000, 0x00000000a6700000, 0x00000000a6700000|100%| E|CS|TAMS 0x00000000a6600000, 0x00000000a6600000| Complete 
|  77|0x00000000a6700000, 0x00000000a6800000, 0x00000000a6800000|100%| E|CS|TAMS 0x00000000a6700000, 0x00000000a6700000| Complete 
|  78|0x00000000a6800000, 0x00000000a6900000, 0x00000000a6900000|100%| E|CS|TAMS 0x00000000a6800000, 0x00000000a6800000| Complete 
|  79|0x00000000a6900000, 0x00000000a6a00000, 0x00000000a6a00000|100%| E|CS|TAMS 0x00000000a6900000, 0x00000000a6900000| Complete 
|  80|0x00000000a6a00000, 0x00000000a6b00000, 0x00000000a6b00000|100%| E|CS|TAMS 0x00000000a6a00000, 0x00000000a6a00000| Complete 
|  81|0x00000000a6b00000, 0x00000000a6c00000, 0x00000000a6c00000|100%| E|CS|TAMS 0x00000000a6b00000, 0x00000000a6b00000| Complete 
|  82|0x00000000a6c00000, 0x00000000a6d00000, 0x00000000a6d00000|100%| E|CS|TAMS 0x00000000a6c00000, 0x00000000a6c00000| Complete 
|  83|0x00000000a6d00000, 0x00000000a6e00000, 0x00000000a6e00000|100%| E|CS|TAMS 0x00000000a6d00000, 0x00000000a6d00000| Complete 
|  84|0x00000000a6e00000, 0x00000000a6f00000, 0x00000000a6f00000|100%| E|CS|TAMS 0x00000000a6e00000, 0x00000000a6e00000| Complete 
|  85|0x00000000a6f00000, 0x00000000a7000000, 0x00000000a7000000|100%| E|CS|TAMS 0x00000000a6f00000, 0x00000000a6f00000| Complete 
|  86|0x00000000a7000000, 0x00000000a7100000, 0x00000000a7100000|100%| E|CS|TAMS 0x00000000a7000000, 0x00000000a7000000| Complete 
|  87|0x00000000a7100000, 0x00000000a7200000, 0x00000000a7200000|100%| E|CS|TAMS 0x00000000a7100000, 0x00000000a7100000| Complete 
|  88|0x00000000a7200000, 0x00000000a7300000, 0x00000000a7300000|100%| E|CS|TAMS 0x00000000a7200000, 0x00000000a7200000| Complete 
|  89|0x00000000a7300000, 0x00000000a7400000, 0x00000000a7400000|100%| E|CS|TAMS 0x00000000a7300000, 0x00000000a7300000| Complete 
|  90|0x00000000a7400000, 0x00000000a7500000, 0x00000000a7500000|100%| E|CS|TAMS 0x00000000a7400000, 0x00000000a7400000| Complete 
|  91|0x00000000a7500000, 0x00000000a7600000, 0x00000000a7600000|100%| E|CS|TAMS 0x00000000a7500000, 0x00000000a7500000| Complete 
|  92|0x00000000a7600000, 0x00000000a7700000, 0x00000000a7700000|100%| E|CS|TAMS 0x00000000a7600000, 0x00000000a7600000| Complete 
|  93|0x00000000a7700000, 0x00000000a7800000, 0x00000000a7800000|100%| E|CS|TAMS 0x00000000a7700000, 0x00000000a7700000| Complete 
|  94|0x00000000a7800000, 0x00000000a7900000, 0x00000000a7900000|100%| E|CS|TAMS 0x00000000a7800000, 0x00000000a7800000| Complete 
|  95|0x00000000a7900000, 0x00000000a7a00000, 0x00000000a7a00000|100%| E|CS|TAMS 0x00000000a7900000, 0x00000000a7900000| Complete 

Card table byte_map: [0x00000203a3800000,0x00000203a3b00000] _byte_map_base: 0x00000203a32f3000

Marking Bits (Prev, Next): (CMBitMap*) 0x000002038a9dff80, (CMBitMap*) 0x000002038a9dffc0
 Prev Bits: [0x00000203a3e00000, 0x00000203a5598000)
 Next Bits: [0x00000203a55a0000, 0x00000203a6d38000)

Polling page: 0x000002038aa60000

Metaspace:

Usage:
  Non-class:     16.53 MB used.
      Class:      2.19 MB used.
       Both:     18.72 MB used.

Virtual space:
  Non-class space:       64.00 MB reserved,      16.62 MB ( 26%) committed,  1 nodes.
      Class space:        1.00 GB reserved,       2.31 MB ( <1%) committed,  1 nodes.
             Both:        1.06 GB reserved,      18.94 MB (  2%) committed. 

Chunk freelists:
   Non-Class:  3.11 MB
       Class:  1.69 MB
        Both:  4.81 MB

MaxMetaspaceSize: unlimited
CompressedClassSpaceSize: 1.00 GB
Initial GC threshold: 21.00 MB
Current GC threshold: 21.00 MB
CDS: on
MetaspaceReclaimPolicy: balanced
 - commit_granule_bytes: 65536.
 - commit_granule_words: 8192.
 - virtual_space_node_default_size: 8388608.
 - enlarge_chunks_in_place: 1.
 - new_chunks_are_fully_committed: 0.
 - uncommit_free_chunks: 1.
 - use_allocation_guard: 0.


Internal statistics:

num_allocs_failed_limit: 0.
num_arena_births: 240.
num_arena_deaths: 0.
num_vsnodes_births: 2.
num_vsnodes_deaths: 0.
num_space_committed: 303.
num_space_uncommitted: 0.
num_chunks_returned_to_freelist: 0.
num_chunks_taken_from_freelist: 878.
num_chunk_merges: 0.
num_chunk_splits: 601.
num_chunks_enlarged: 476.
num_inconsistent_stats: 0.

CodeHeap 'non-profiled nmethods': size=120064Kb used=1016Kb max_used=1016Kb free=119047Kb
 bounds [0x000002039bbc0000, 0x000002039be30000, 0x00000203a3100000]
CodeHeap 'profiled nmethods': size=120000Kb used=5859Kb max_used=5859Kb free=114141Kb
 bounds [0x0000020394100000, 0x00000203946c0000, 0x000002039b630000]
CodeHeap 'non-nmethods': size=5696Kb used=1279Kb max_used=1303Kb free=4416Kb
 bounds [0x000002039b630000, 0x000002039b8a0000, 0x000002039bbc0000]
 total_blobs=3282 nmethods=2785 adapters=408
 compilation: enabled
              stopped_count=0, restarted_count=0
 full_count=0

Compilation events (20 events):
Event: 8.014 Thread 0x00000203a9165ec0 2773       3       org.springframework.beans.factory.support.DefaultListableBeanFactory::isSingleton (17 bytes)
Event: 8.015 Thread 0x00000203a9165ec0 nmethod 2773 0x000002039469da90 code [0x000002039469dc60, 0x000002039469e088]
Event: 8.015 Thread 0x00000203a9165ec0 2774       1       org.springframework.beans.factory.support.DefaultListableBeanFactory::isAllowEagerClassLoading (5 bytes)
Event: 8.015 Thread 0x00000203a9165ec0 nmethod 2774 0x000002039bcbc810 code [0x000002039bcbc9a0, 0x000002039bcbca78]
Event: 8.015 Thread 0x00000203a9165ec0 2775       3       org.springframework.beans.factory.support.AbstractBeanDefinition::isSingleton (30 bytes)
Event: 8.016 Thread 0x00000203a9165ec0 nmethod 2775 0x000002039469e210 code [0x000002039469e3c0, 0x000002039469e5d8]
Event: 8.026 Thread 0x00000203a9165ec0 2776       3       java.lang.invoke.MethodHandleNatives::linkCallSiteImpl (44 bytes)
Event: 8.027 Thread 0x00000203a9165ec0 nmethod 2776 0x000002039469e690 code [0x000002039469e8c0, 0x000002039469f1d8]
Event: 8.027 Thread 0x00000203a9165ec0 2777   !   3       java.lang.invoke.BootstrapMethodInvoker::invoke (974 bytes)
Event: 8.036 Thread 0x00000203a9165ec0 nmethod 2777 0x000002039469f510 code [0x000002039469fda0, 0x00000203946a7518]
Event: 8.038 Thread 0x00000203a9165ec0 2778       3       java.lang.invoke.Invokers::callSiteForm (308 bytes)
Event: 8.040 Thread 0x00000203a9165ec0 nmethod 2778 0x00000203946aa990 code [0x00000203946aacc0, 0x00000203946ac388]
Event: 8.041 Thread 0x00000203a9165ec0 2779       3       org.springframework.beans.BeanMetadataAttributeAccessor::getAttribute (22 bytes)
Event: 8.042 Thread 0x00000203a9165ec0 nmethod 2779 0x00000203946acc90 code [0x00000203946ace80, 0x00000203946ad3b8]
Event: 8.042 Thread 0x00000203a9165ec0 2780       3       org.springframework.beans.BeanMetadataAttributeAccessor::setAttribute (15 bytes)
Event: 8.043 Thread 0x00000203a9165ec0 nmethod 2780 0x00000203946ad590 code [0x00000203946ad7a0, 0x00000203946adec8]
Event: 8.044 Thread 0x00000203a9165ec0 2781       3       java.util.LinkedHashMap::keysToArray (38 bytes)
Event: 8.044 Thread 0x00000203a9165ec0 nmethod 2781 0x00000203946ae190 code [0x00000203946ae340, 0x00000203946ae6b8]
Event: 8.045 Thread 0x00000203a9165ec0 2782       3       java.util.LinkedHashMap$LinkedKeySet::size (8 bytes)
Event: 8.045 Thread 0x00000203a9165ec0 nmethod 2782 0x00000203946ae810 code [0x00000203946ae9a0, 0x00000203946aeab8]

GC Heap History (8 events):
Event: 3.016 GC heap before
{Heap before GC invocations=0 (full 0):
 garbage-first heap   total 98304K, used 5120K [0x00000000a1a00000, 0x0000000100000000)
  region size 1024K, 6 young (6144K), 0 survivors (0K)
 Metaspace       used 1599K, committed 1792K, reserved 1114112K
  class space    used 120K, committed 192K, reserved 1048576K
}
Event: 3.031 GC heap after
{Heap after GC invocations=1 (full 0):
 garbage-first heap   total 98304K, used 3256K [0x00000000a1a00000, 0x0000000100000000)
  region size 1024K, 1 young (1024K), 1 survivors (1024K)
 Metaspace       used 1599K, committed 1792K, reserved 1114112K
  class space    used 120K, committed 192K, reserved 1048576K
}
Event: 3.555 GC heap before
{Heap before GC invocations=1 (full 0):
 garbage-first heap   total 98304K, used 6328K [0x00000000a1a00000, 0x0000000100000000)
  region size 1024K, 4 young (4096K), 1 survivors (1024K)
 Metaspace       used 2872K, committed 3008K, reserved 1114112K
  class space    used 247K, committed 320K, reserved 1048576K
}
Event: 3.561 GC heap after
{Heap after GC invocations=2 (full 0):
 garbage-first heap   total 98304K, used 4138K [0x00000000a1a00000, 0x0000000100000000)
  region size 1024K, 1 young (1024K), 1 survivors (1024K)
 Metaspace       used 2872K, committed 3008K, reserved 1114112K
  class space    used 247K, committed 320K, reserved 1048576K
}
Event: 4.358 GC heap before
{Heap before GC invocations=2 (full 0):
 garbage-first heap   total 98304K, used 13354K [0x00000000a1a00000, 0x0000000100000000)
  region size 1024K, 10 young (10240K), 1 survivors (1024K)
 Metaspace       used 5766K, committed 5952K, reserved 1114112K
  class space    used 616K, committed 704K, reserved 1048576K
}
Event: 4.364 GC heap after
{Heap after GC invocations=3 (full 0):
 garbage-first heap   total 98304K, used 4950K [0x00000000a1a00000, 0x0000000100000000)
  region size 1024K, 2 young (2048K), 2 survivors (2048K)
 Metaspace       used 5766K, committed 5952K, reserved 1114112K
  class space    used 616K, committed 704K, reserved 1048576K
}
Event: 6.246 GC heap before
{Heap before GC invocations=3 (full 0):
 garbage-first heap   total 98304K, used 38742K [0x00000000a1a00000, 0x0000000100000000)
  region size 1024K, 36 young (36864K), 2 survivors (2048K)
 Metaspace       used 15368K, committed 15616K, reserved 1114112K
  class space    used 1802K, committed 1920K, reserved 1048576K
}
Event: 6.260 GC heap after
{Heap after GC invocations=4 (full 0):
 garbage-first heap   total 98304K, used 7043K [0x00000000a1a00000, 0x0000000100000000)
  region size 1024K, 4 young (4096K), 4 survivors (4096K)
 Metaspace       used 15368K, committed 15616K, reserved 1114112K
  class space    used 1802K, committed 1920K, reserved 1048576K
}

Dll operation events (13 events):
Event: 0.022 Loaded shared library C:\Users\Utente-PC\.jdks\openjdk-19.0.2\bin\java.dll
Event: 0.048 Loaded shared library C:\Users\Utente-PC\.jdks\openjdk-19.0.2\bin\jsvml.dll
Event: 1.037 Loaded shared library C:\Users\Utente-PC\.jdks\openjdk-19.0.2\bin\zip.dll
Event: 1.045 Loaded shared library C:\Users\Utente-PC\.jdks\openjdk-19.0.2\bin\instrument.dll
Event: 1.058 Loaded shared library C:\Users\Utente-PC\.jdks\openjdk-19.0.2\bin\net.dll
Event: 1.061 Loaded shared library C:\Users\Utente-PC\.jdks\openjdk-19.0.2\bin\nio.dll
Event: 1.066 Loaded shared library C:\Users\Utente-PC\.jdks\openjdk-19.0.2\bin\zip.dll
Event: 2.751 Loaded shared library C:\Program Files\JetBrains\IntelliJ IDEA Community Edition 2022.2.1\bin\breakgen64.dll
Event: 2.809 Loaded shared library C:\Users\Utente-PC\.jdks\openjdk-19.0.2\bin\jimage.dll
Event: 2.950 Loaded shared library C:\Users\Utente-PC\.jdks\openjdk-19.0.2\bin\extnet.dll
Event: 3.000 Loaded shared library C:\Users\Utente-PC\.jdks\openjdk-19.0.2\bin\verify.dll
Event: 4.004 Loaded shared library C:\Users\Utente-PC\.jdks\openjdk-19.0.2\bin\management.dll
Event: 4.009 Loaded shared library C:\Users\Utente-PC\.jdks\openjdk-19.0.2\bin\management_ext.dll

Deoptimization events (20 events):
Event: 7.121 Thread 0x00000203adabdae0 Uncommon trap: trap_request=0xffffffde fr.pc=0x000002039bbcb5ac relative=0x000000000000018c
Event: 7.121 Thread 0x00000203adabdae0 Uncommon trap: reason=class_check action=maybe_recompile pc=0x000002039bbcb5ac method=java.lang.String.equals(Ljava/lang/Object;)Z @ 8 c2
Event: 7.121 Thread 0x00000203adabdae0 DEOPT PACKING pc=0x000002039bbcb5ac sp=0x000000bf00afe3a0
Event: 7.121 Thread 0x00000203adabdae0 DEOPT UNPACKING pc=0x000002039b696d9d sp=0x000000bf00afe338 mode 2
Event: 7.121 Thread 0x00000203adabdae0 Uncommon trap: trap_request=0xffffffde fr.pc=0x000002039bbcb5ac relative=0x000000000000018c
Event: 7.121 Thread 0x00000203adabdae0 Uncommon trap: reason=class_check action=maybe_recompile pc=0x000002039bbcb5ac method=java.lang.String.equals(Ljava/lang/Object;)Z @ 8 c2
Event: 7.121 Thread 0x00000203adabdae0 DEOPT PACKING pc=0x000002039bbcb5ac sp=0x000000bf00afe3a0
Event: 7.121 Thread 0x00000203adabdae0 DEOPT UNPACKING pc=0x000002039b696d9d sp=0x000000bf00afe338 mode 2
Event: 7.123 Thread 0x00000203adabdae0 Uncommon trap: trap_request=0xffffffde fr.pc=0x000002039bbcb5ac relative=0x000000000000018c
Event: 7.123 Thread 0x00000203adabdae0 Uncommon trap: reason=class_check action=maybe_recompile pc=0x000002039bbcb5ac method=java.lang.String.equals(Ljava/lang/Object;)Z @ 8 c2
Event: 7.123 Thread 0x00000203adabdae0 DEOPT PACKING pc=0x000002039bbcb5ac sp=0x000000bf00afdfb0
Event: 7.123 Thread 0x00000203adabdae0 DEOPT UNPACKING pc=0x000002039b696d9d sp=0x000000bf00afdf48 mode 2
Event: 7.406 Thread 0x00000203adabdae0 Uncommon trap: trap_request=0xffffff45 fr.pc=0x000002039bc55c38 relative=0x0000000000000118
Event: 7.406 Thread 0x00000203adabdae0 Uncommon trap: reason=unstable_if action=reinterpret pc=0x000002039bc55c38 method=java.util.Arrays.equals([Ljava/lang/Object;[Ljava/lang/Object;)Z @ 44 c2
Event: 7.406 Thread 0x00000203adabdae0 DEOPT PACKING pc=0x000002039bc55c38 sp=0x000000bf00afd9e0
Event: 7.406 Thread 0x00000203adabdae0 DEOPT UNPACKING pc=0x000002039b696d9d sp=0x000000bf00afd980 mode 2
Event: 7.950 Thread 0x00000203adabdae0 Uncommon trap: trap_request=0xffffff45 fr.pc=0x000002039bcac4c4 relative=0x00000000000002e4
Event: 7.950 Thread 0x00000203adabdae0 Uncommon trap: reason=unstable_if action=reinterpret pc=0x000002039bcac4c4 method=org.springframework.beans.factory.support.AbstractBeanFactory.getMergedLocalBeanDefinition(Ljava/lang/String;)Lorg/springframework/beans/factory/support/RootBeanDefinition; 
Event: 7.950 Thread 0x00000203adabdae0 DEOPT PACKING pc=0x000002039bcac4c4 sp=0x000000bf00afe8c0
Event: 7.950 Thread 0x00000203adabdae0 DEOPT UNPACKING pc=0x000002039b696d9d sp=0x000000bf00afe878 mode 2

Classes loaded (20 events):
Event: 7.823 Loading class java/lang/foreign/ValueLayout
Event: 7.823 Loading class java/lang/foreign/MemoryLayout
Event: 7.824 Loading class java/lang/foreign/MemoryLayout done
Event: 7.824 Loading class java/lang/foreign/AbstractLayout
Event: 7.824 Loading class java/lang/foreign/AbstractLayout done
Event: 7.824 Loading class java/lang/foreign/ValueLayout done
Event: 7.826 Loading class java/lang/ClassFormatError
Event: 7.826 Loading class java/lang/ClassFormatError done
Event: 7.900 Loading class java/util/WeakHashMap$EntrySet
Event: 7.900 Loading class java/util/WeakHashMap$EntrySet done
Event: 7.900 Loading class java/util/WeakHashMap$EntryIterator
Event: 7.900 Loading class java/util/WeakHashMap$HashIterator
Event: 7.900 Loading class java/util/WeakHashMap$HashIterator done
Event: 7.900 Loading class java/util/WeakHashMap$EntryIterator done
Event: 7.932 Loading class java/util/LinkedList$Node
Event: 7.932 Loading class java/util/LinkedList$Node done
Event: 7.933 Loading class java/util/DualPivotQuicksort
Event: 7.933 Loading class java/util/DualPivotQuicksort done
Event: 7.934 Loading class java/util/LinkedList$ListItr
Event: 7.935 Loading class java/util/LinkedList$ListItr done

Classes unloaded (0 events):
No events

Classes redefined (0 events):
No events

Internal exceptions (20 events):
Event: 6.036 Thread 0x00000203adabdae0 Exception <a 'java/lang/ClassNotFoundException'{0x00000000a5900978}: org/springframework/context/ResourceLoaderAwareCustomizer> (0x00000000a5900978) 
thrown [s\open\src\hotspot\share\classfile\systemDictionary.cpp, line 255]
Event: 6.038 Thread 0x00000203adabdae0 Exception <a 'java/lang/ClassNotFoundException'{0x00000000a5904dc0}: org/springframework/beans/factory/AwareCustomizer> (0x00000000a5904dc0) 
thrown [s\open\src\hotspot\share\classfile\systemDictionary.cpp, line 255]
Event: 6.039 Thread 0x00000203adabdae0 Exception <a 'java/lang/ClassNotFoundException'{0x00000000a59081f8}: org/springframework/context/ApplicationStartupAwareCustomizer> (0x00000000a59081f8) 
thrown [s\open\src\hotspot\share\classfile\systemDictionary.cpp, line 255]
Event: 6.040 Thread 0x00000203adabdae0 Exception <a 'java/lang/ClassNotFoundException'{0x00000000a592f920}: org/springframework/beans/factory/AwareCustomizer> (0x00000000a592f920) 
thrown [s\open\src\hotspot\share\classfile\systemDictionary.cpp, line 255]
Event: 6.042 Thread 0x00000203adabdae0 Exception <a 'java/lang/ClassNotFoundException'{0x00000000a5932d18}: org/springframework/beans/factory/BeanClassLoaderAwareCustomizer> (0x00000000a5932d18) 
thrown [s\open\src\hotspot\share\classfile\systemDictionary.cpp, line 255]
Event: 6.043 Thread 0x00000203adabdae0 Exception <a 'java/lang/ClassNotFoundException'{0x00000000a5937148}: org/springframework/beans/factory/AwareCustomizer> (0x00000000a5937148) 
thrown [s\open\src\hotspot\share\classfile\systemDictionary.cpp, line 255]
Event: 6.044 Thread 0x00000203adabdae0 Exception <a 'java/lang/ClassNotFoundException'{0x00000000a5960ce0}: org/springframework/context/EnvironmentAwareCustomizer> (0x00000000a5960ce0) 
thrown [s\open\src\hotspot\share\classfile\systemDictionary.cpp, line 255]
Event: 6.045 Thread 0x00000203adabdae0 Exception <a 'java/lang/ClassNotFoundException'{0x00000000a59650a8}: org/springframework/beans/factory/AwareCustomizer> (0x00000000a59650a8) 
thrown [s\open\src\hotspot\share\classfile\systemDictionary.cpp, line 255]
Event: 6.091 Thread 0x00000203adfbc030 Exception <a 'java/lang/NoSuchMethodError'{0x00000000a571bf70}: 'long java.lang.invoke.DirectMethodHandle$Holder.invokeSpecial(java.lang.Object, java.lang.Object)'> (0x00000000a571bf70) 
thrown [s\open\src\hotspot\share\interpreter\linkResolver.cpp, line 774]
Event: 6.092 Thread 0x00000203adabdae0 Exception <a 'java/lang/NoSuchMethodError'{0x00000000a574ff00}: 'java.lang.Object java.lang.invoke.DirectMethodHandle$Holder.invokeVirtual(java.lang.Object, java.lang.Object, java.lang.Object)'> (0x00000000a574ff00) 
thrown [s\open\src\hotspot\share\interpreter\linkResolver.cpp, line 774]
Event: 6.094 Thread 0x00000203adfbc030 Exception <a 'java/lang/NoSuchMethodError'{0x00000000a575b560}: 'long java.lang.invoke.DirectMethodHandle$Holder.invokeStatic(java.lang.Object, java.lang.Object)'> (0x00000000a575b560) 
thrown [s\open\src\hotspot\share\interpreter\linkResolver.cpp, line 774]
Event: 6.094 Thread 0x00000203adfbc030 Exception <a 'java/lang/NoSuchMethodError'{0x00000000a575eb68}: 'long java.lang.invoke.DirectMethodHandle$Holder.invokeStaticInit(java.lang.Object, java.lang.Object)'> (0x00000000a575eb68) 
thrown [s\open\src\hotspot\share\interpreter\linkResolver.cpp, line 774]
Event: 6.100 Thread 0x00000203adfbc030 Exception <a 'java/lang/NoSuchMethodError'{0x00000000a576cb20}: 'long java.lang.invoke.DirectMethodHandle$Holder.invokeInterface(java.lang.Object, java.lang.Object)'> (0x00000000a576cb20) 
thrown [s\open\src\hotspot\share\interpreter\linkResolver.cpp, line 774]
Event: 6.101 Thread 0x00000203adfbc030 Exception <a 'java/lang/IncompatibleClassChangeError'{0x00000000a57700b8}: Found class java.lang.Object, but interface was expected> (0x00000000a57700b8) 
thrown [s\open\src\hotspot\share\interpreter\linkResolver.cpp, line 841]
Event: 6.127 Thread 0x00000203adfbc030 Exception <a 'java/lang/NoSuchMethodError'{0x00000000a57e1f00}: 'java.lang.Object java.lang.invoke.DirectMethodHandle$Holder.invokeVirtual(java.lang.Object, java.lang.Object, java.lang.Object, java.lang.Object)'> (0x00000000a57e1f00) 
thrown [s\open\src\hotspot\share\interpreter\linkResolver.cpp, line 774]
Event: 6.506 Thread 0x00000203adabdae0 Exception <a 'java/lang/IncompatibleClassChangeError'{0x00000000a76ee120}: Found class java.lang.Object, but interface was expected> (0x00000000a76ee120) 
thrown [s\open\src\hotspot\share\interpreter\linkResolver.cpp, line 841]
Event: 6.602 Thread 0x00000203adabdae0 Exception <a 'java/lang/NoSuchMethodError'{0x00000000a745b560}: 'void java.lang.invoke.DirectMethodHandle$Holder.invokeInterface(java.lang.Object, java.lang.Object, java.lang.Object, java.lang.Object)'> (0x00000000a745b560) 
thrown [s\open\src\hotspot\share\interpreter\linkResolver.cpp, line 774]
Event: 7.946 Thread 0x00000203adabdae0 Exception <a 'java/lang/NoSuchMethodError'{0x00000000a63ba418}: 'void java.lang.invoke.Invokers$Holder.invokeExact_MT(java.lang.Object, java.lang.Object, java.lang.Object)'> (0x00000000a63ba418) 
thrown [s\open\src\hotspot\share\interpreter\linkResolver.cpp, line 774]
Event: 7.986 Thread 0x00000203adabdae0 Exception <a 'java/lang/NoClassDefFoundError'{0x00000000a622d210}: org/flywaydb/core/Flyway> (0x00000000a622d210) 
thrown [s\open\src\hotspot\share\classfile\systemDictionary.cpp, line 244]
Event: 7.986 Thread 0x00000203adabdae0 Exception <a 'java/lang/NoClassDefFoundError'{0x00000000a622e030}: liquibase/integration/spring/SpringLiquibase> (0x00000000a622e030) 
thrown [s\open\src\hotspot\share\classfile\systemDictionary.cpp, line 244]

VM Operations (20 events):
Event: 4.860 Executing VM operation: HandshakeAllThreads
Event: 4.860 Executing VM operation: HandshakeAllThreads done
Event: 5.144 Executing VM operation: HandshakeAllThreads
Event: 5.145 Executing VM operation: HandshakeAllThreads done
Event: 5.145 Executing VM operation: HandshakeAllThreads
Event: 5.145 Executing VM operation: HandshakeAllThreads done
Event: 5.516 Executing VM operation: ICBufferFull
Event: 5.517 Executing VM operation: ICBufferFull done
Event: 5.961 Executing VM operation: HandshakeAllThreads
Event: 5.961 Executing VM operation: HandshakeAllThreads done
Event: 6.073 Executing VM operation: HandshakeAllThreads
Event: 6.073 Executing VM operation: HandshakeAllThreads done
Event: 6.246 Executing VM operation: G1CollectForAllocation
Event: 6.260 Executing VM operation: G1CollectForAllocation done
Event: 7.120 Executing VM operation: ICBufferFull
Event: 7.120 Executing VM operation: ICBufferFull done
Event: 7.132 Executing VM operation: HandshakeAllThreads
Event: 7.132 Executing VM operation: HandshakeAllThreads done
Event: 7.800 Executing VM operation: HandshakeAllThreads
Event: 7.800 Executing VM operation: HandshakeAllThreads done

Events (19 events):
Event: 0.049 Thread 0x000002038a9912f0 Thread added: 0x000002038a9912f0
Event: 0.096 Thread 0x00000203a90f0a00 Thread added: 0x00000203a90f0a00
Event: 0.096 Thread 0x00000203a90f17f0 Thread added: 0x00000203a90f17f0
Event: 0.097 Thread 0x00000203a90f43f0 Thread added: 0x00000203a90f43f0
Event: 0.097 Thread 0x00000203a90f6d40 Thread added: 0x00000203a90f6d40
Event: 0.097 Thread 0x00000203a90f7670 Thread added: 0x00000203a90f7670
Event: 0.098 Thread 0x00000203a90f7fa0 Thread added: 0x00000203a90f7fa0
Event: 0.098 Thread 0x00000203a90f8c00 Thread added: 0x00000203a90f8c00
Event: 0.112 Thread 0x00000203a9165ec0 Thread added: 0x00000203a9165ec0
Event: 0.113 Thread 0x00000203a9168450 Thread added: 0x00000203a9168450
Event: 0.945 Thread 0x00000203a90c1560 Thread added: 0x00000203a90c1560
Event: 2.753 Thread 0x00000203ad6e3190 Thread added: 0x00000203ad6e3190
Event: 2.753 Thread 0x00000203ad6e36d0 Thread added: 0x00000203ad6e36d0
Event: 4.080 Thread 0x00000203adce3fa0 Thread added: 0x00000203adce3fa0
Event: 4.096 Thread 0x00000203adabdae0 Thread added: 0x00000203adabdae0
Event: 5.101 Thread 0x00000203adfbc030 Thread added: 0x00000203adfbc030
Event: 6.134 Thread 0x00000203adfbc030 Thread exited: 0x00000203adfbc030
Event: 6.375 Thread 0x00000203ae480740 Thread added: 0x00000203ae480740
Event: 6.447 Thread 0x00000203ae480740 Thread exited: 0x00000203ae480740


Dynamic libraries:
0x00007ff684070000 - 0x00007ff68407e000 	C:\Users\Utente-PC\.jdks\openjdk-19.0.2\bin\java.exe
0x00007fff6d830000 - 0x00007fff6da28000 	C:\Windows\SYSTEM32\ntdll.dll
0x00007fff6b8e0000 - 0x00007fff6b99f000 	C:\Windows\System32\KERNEL32.DLL
0x00007fff6af30000 - 0x00007fff6b202000 	C:\Windows\System32\KERNELBASE.dll
0x00007fff6b640000 - 0x00007fff6b740000 	C:\Windows\System32\ucrtbase.dll
0x00007fff66990000 - 0x00007fff669a7000 	C:\Users\Utente-PC\.jdks\openjdk-19.0.2\bin\jli.dll
0x00007fff6cf10000 - 0x00007fff6d0b1000 	C:\Windows\System32\USER32.dll
0x00007fff6b210000 - 0x00007fff6b232000 	C:\Windows\System32\win32u.dll
0x00007fff6d7b0000 - 0x00007fff6d7db000 	C:\Windows\System32\GDI32.dll
0x00007fff6b770000 - 0x00007fff6b87f000 	C:\Windows\System32\gdi32full.dll
0x00007fff6b240000 - 0x00007fff6b2dd000 	C:\Windows\System32\msvcp_win.dll
0x00007fff669b0000 - 0x00007fff669cb000 	C:\Users\Utente-PC\.jdks\openjdk-19.0.2\bin\VCRUNTIME140.dll
0x00007fff58670000 - 0x00007fff5890a000 	C:\Windows\WinSxS\amd64_microsoft.windows.common-controls_6595b64144ccf1df_6.0.19041.1110_none_60b5254171f9507e\COMCTL32.dll
0x00007fff6d5e0000 - 0x00007fff6d67e000 	C:\Windows\System32\msvcrt.dll
0x00007fff6b9b0000 - 0x00007fff6b9e0000 	C:\Windows\System32\IMM32.DLL
0x00007fff66980000 - 0x00007fff6698c000 	C:\Users\Utente-PC\.jdks\openjdk-19.0.2\bin\vcruntime140_1.dll
0x00007fff61630000 - 0x00007fff616be000 	C:\Users\Utente-PC\.jdks\openjdk-19.0.2\bin\msvcp140.dll
0x00007fff382e0000 - 0x00007fff38fa0000 	C:\Users\Utente-PC\.jdks\openjdk-19.0.2\bin\server\jvm.dll
0x00007fff6d530000 - 0x00007fff6d5de000 	C:\Windows\System32\ADVAPI32.dll
0x00007fff6cdf0000 - 0x00007fff6ce8c000 	C:\Windows\System32\sechost.dll
0x00007fff6d680000 - 0x00007fff6d7a4000 	C:\Windows\System32\RPCRT4.dll
0x00007fff5c3d0000 - 0x00007fff5c3d9000 	C:\Windows\SYSTEM32\WSOCK32.dll
0x00007fff6cea0000 - 0x00007fff6cf0b000 	C:\Windows\System32\WS2_32.dll
0x00007fff5bb50000 - 0x00007fff5bb77000 	C:\Windows\SYSTEM32\WINMM.dll
0x00007fff5a5c0000 - 0x00007fff5a5ca000 	C:\Windows\SYSTEM32\VERSION.dll
0x00007fff68d10000 - 0x00007fff68d22000 	C:\Windows\SYSTEM32\kernel.appcore.dll
0x00007fff66960000 - 0x00007fff6696a000 	C:\Users\Utente-PC\.jdks\openjdk-19.0.2\bin\jimage.dll
0x00007fff5a5d0000 - 0x00007fff5a7b4000 	C:\Windows\SYSTEM32\DBGHELP.DLL
0x00007fff59bc0000 - 0x00007fff59bf5000 	C:\Windows\SYSTEM32\dbgcore.DLL
0x00007fff6b330000 - 0x00007fff6b3b2000 	C:\Windows\System32\bcryptPrimitives.dll
0x00007fff64bd0000 - 0x00007fff64bde000 	C:\Users\Utente-PC\.jdks\openjdk-19.0.2\bin\instrument.dll
0x00007fff63790000 - 0x00007fff637b6000 	C:\Users\Utente-PC\.jdks\openjdk-19.0.2\bin\java.dll
0x00007fff56880000 - 0x00007fff56957000 	C:\Users\Utente-PC\.jdks\openjdk-19.0.2\bin\jsvml.dll
0x00007fff6bb80000 - 0x00007fff6c2c5000 	C:\Windows\System32\SHELL32.dll
0x00007fff68ff0000 - 0x00007fff69782000 	C:\Windows\SYSTEM32\windows.storage.dll
0x00007fff6c590000 - 0x00007fff6c8e5000 	C:\Windows\System32\combase.dll
0x00007fff6a8b0000 - 0x00007fff6a8e0000 	C:\Windows\SYSTEM32\Wldp.dll
0x00007fff6c2d0000 - 0x00007fff6c37d000 	C:\Windows\System32\SHCORE.dll
0x00007fff6b9e0000 - 0x00007fff6ba35000 	C:\Windows\System32\shlwapi.dll
0x00007fff6ae70000 - 0x00007fff6ae8f000 	C:\Windows\SYSTEM32\profapi.dll
0x00007fff614a0000 - 0x00007fff614b8000 	C:\Users\Utente-PC\.jdks\openjdk-19.0.2\bin\zip.dll
0x00007fff615e0000 - 0x00007fff615f3000 	C:\Users\Utente-PC\.jdks\openjdk-19.0.2\bin\net.dll
0x00007fff60310000 - 0x00007fff6041a000 	C:\Windows\SYSTEM32\WINHTTP.dll
0x00007fff6a610000 - 0x00007fff6a67a000 	C:\Windows\system32\mswsock.dll
0x00007fff614c0000 - 0x00007fff614d6000 	C:\Users\Utente-PC\.jdks\openjdk-19.0.2\bin\nio.dll
0x00007fff5c340000 - 0x00007fff5c35a000 	C:\Program Files\JetBrains\IntelliJ IDEA Community Edition 2022.2.1\bin\breakgen64.dll
0x00007fff66920000 - 0x00007fff66928000 	C:\Users\Utente-PC\.jdks\openjdk-19.0.2\bin\extnet.dll
0x00007fff66170000 - 0x00007fff66180000 	C:\Users\Utente-PC\.jdks\openjdk-19.0.2\bin\verify.dll
0x00007fff62d50000 - 0x00007fff62d5a000 	C:\Users\Utente-PC\.jdks\openjdk-19.0.2\bin\management.dll
0x00007fff61620000 - 0x00007fff6162b000 	C:\Users\Utente-PC\.jdks\openjdk-19.0.2\bin\management_ext.dll
0x00007fff6b9a0000 - 0x00007fff6b9a8000 	C:\Windows\System32\PSAPI.DLL
0x00007fff57290000 - 0x00007fff572a7000 	C:\Windows\system32\napinsp.dll
0x00007fff57270000 - 0x00007fff5728b000 	C:\Windows\system32\pnrpnsp.dll
0x00007fff5c7c0000 - 0x00007fff5c7d5000 	C:\Windows\system32\wshbth.dll
0x00007fff66900000 - 0x00007fff6691d000 	C:\Windows\system32\NLAapi.dll
0x00007fff6a300000 - 0x00007fff6a33b000 	C:\Windows\SYSTEM32\IPHLPAPI.DLL
0x00007fff6a340000 - 0x00007fff6a40b000 	C:\Windows\SYSTEM32\DNSAPI.dll
0x00007fff6ce90000 - 0x00007fff6ce98000 	C:\Windows\System32\NSI.dll
0x00007fff570f0000 - 0x00007fff57102000 	C:\Windows\System32\winrnr.dll
0x00007fff5e5a0000 - 0x00007fff5e5aa000 	C:\Windows\System32\rasadhlp.dll
0x00007fff5e9c0000 - 0x00007fff5ea40000 	C:\Windows\System32\fwpuclnt.dll
0x00007fff6b740000 - 0x00007fff6b767000 	C:\Windows\System32\bcrypt.dll

dbghelp: loaded successfully - version: 4.0.5 - missing functions: none
symbol engine: initialized successfully - sym options: 0x614 - pdb path: .;C:\Users\Utente-PC\.jdks\openjdk-19.0.2\bin;C:\Windows\SYSTEM32;C:\Windows\WinSxS\amd64_microsoft.windows.common-controls_6595b64144ccf1df_6.0.19041.1110_none_60b5254171f9507e;C:\Users\Utente-PC\.jdks\openjdk-19.0.2\bin\server;C:\Program Files\JetBrains\IntelliJ IDEA Community Edition 2022.2.1\bin

VM Arguments:
jvm_args: -javaagent:C:\Program Files\JetBrains\IntelliJ IDEA Community Edition 2022.2.1\lib\idea_rt.jar=50638:C:\Program Files\JetBrains\IntelliJ IDEA Community Edition 2022.2.1\bin -Dfile.encoding=UTF-8 -Dsun.stdout.encoding=UTF-8 -Dsun.stderr.encoding=UTF-8 
java_command: co.develhope.dependencyinjection.DependencyInjectionApplication
java_class_path (initial): C:\Users\Utente-PC\Documents\Develhope\Dependency-Injection\dependency-injection\target\classes;C:\Users\Utente-PC\.m2\repository\org\springframework\boot\spring-boot-starter-web\2.6.5\spring-boot-starter-web-2.6.5.jar;C:\Users\Utente-PC\.m2\repository\org\springframework\boot\spring-boot-starter\2.6.5\spring-boot-starter-2.6.5.jar;C:\Users\Utente-PC\.m2\repository\org\springframework\boot\spring-boot-starter-logging\2.6.5\spring-boot-starter-logging-2.6.5.jar;C:\Users\Utente-PC\.m2\repository\ch\qos\logback\logback-classic\1.2.11\logback-classic-1.2.11.jar;C:\Users\Utente-PC\.m2\repository\ch\qos\logback\logback-core\1.2.11\logback-core-1.2.11.jar;C:\Users\Utente-PC\.m2\repository\org\apache\logging\log4j\log4j-to-slf4j\2.17.2\log4j-to-slf4j-2.17.2.jar;C:\Users\Utente-PC\.m2\repository\org\apache\logging\log4j\log4j-api\2.17.2\log4j-api-2.17.2.jar;C:\Users\Utente-PC\.m2\repository\org\slf4j\jul-to-slf4j\1.7.36\jul-to-slf4j-1.7.36.jar;C:\Users\Utente-PC\.m2\repository\jakarta\annotation\jakarta.annotation-api\1.3.5\jakarta.annotation-api-1.3.5.jar;C:\Users\Utente-PC\.m2\repository\org\yaml\snakeyaml\1.29\snakeyaml-1.29.jar;C:\Users\Utente-PC\.m2\repository\org\springframework\boot\spring-boot-starter-json\2.6.5\spring-boot-starter-json-2.6.5.jar;C:\Users\Utente-PC\.m2\repository\com\fasterxml\jackson\core\jackson-databind\2.13.2\jackson-databind-2.13.2.jar;C:\Users\Utente-PC\.m2\repository\com\fasterxml\jackson\core\jackson-annotations\2.13.2\jackson-annotations-2.13.2.jar;C:\Users\Utente-PC\.m2\repository\com\fasterxml\jackson\core\jackson-core\2.13.2\jackson-core-2.13.2.jar;C:\Users\Utente-PC\.m2\repository\com\fasterxml\jackson\datatype\jackson-datatype-jdk8\2.13.2\jackson-datatype-jdk8-2.13.2.jar;C:\Users\Utente-PC\.m2\repository\com\fasterxml\jackson\datatype\jackson-datatype-jsr310\2.13.2\jackson-datatype-jsr310-2.13.2.jar;C:\Users\Utente-PC\.m2\repository\com\fasterxml\jackson\module\jackson-module-parameter-names\2.13.2\jackson-module-parameter-names-2.13.2.jar;C:\Users\Utente-PC\.m2\repository\org\springframework\boot\spring-boot-starter-tomcat\2.6.5\spring-boot-starter-tomcat-2.6.5.jar;C:\Users\Utente-PC\.m2\repository\org\apache\tomcat\embed\tomcat-embed-core\9.0.60\tomcat-embed-core-9.0.60.jar;C:\Users\Utente-PC\.m2\repository\org\apache\tomcat\embed\tomcat-embed-el\9.0.60\tomcat-embed-el-9.0.60.jar;C:\Users\Utente-PC\.m2\repository\org\apache\tomcat\embed\tomcat-embed-websocket\9.0.60\tomcat-embed-websocket-9.0.60.jar;C:\Users\Utente-PC\.m2\repository\org\springframework\spring-web\5.3.17\spring-web-5.3.17.jar;C:\Users\Utente-PC\.m2\repository\org\springframework\spring-beans\5.3.17\spring-beans-5.3.17.jar;C:\Users\Utente-PC\.m2\repository\org\springframework\spring-webmvc\5.3.17\spring-webmvc-5.3.17.jar;C:\Users\Utente-PC\.m2\repository\org\springframework\spring-aop\5.3.17\spring-aop-5.3.17.jar;C:\Users\Utente-PC\.m2\repository\org\springframework\spring-context\5.3.17\spring-context-5.3.17.jar;C:\Users\Utente-PC\.m2\repository\org\springframework\spring-expression\5.3.17\spring-expression-5.3.17.jar;C:\Users\Utente-PC\.m2\repository\org\springframework\boot\spring-boot-devtools\2.6.5\spring-boot-devtools-2.6.5.jar;C:\Users\Utente-PC\.m2\repository\org\springframework\boot\spring-boot\2.6.5\spring-boot-2.6.5.jar;C:\Users\Utente-PC\.m2\repository\org\springframework\boot\spring-boot-autoconfigure\2.6.5\spring-boot-autoconfigure-2.6.5.jar;C:\Users\Utente-PC\.m2\repository\org\projectlombok\lombok\1.18.22\lombok-1.18.22.jar;C:\Users\Utente-PC\.m2\repository\org\slf4j\slf4j-api\1.7.36\slf4j-api-1.7.36.jar;C:\Users\Utente-PC\.m2\repository\org\springframework\spring-core\5.3.17\spring-core-5.3.17.jar;C:\Users\Utente-PC\.m2\repository\org\springframework\spring-jcl\5.3.17\spring-jcl-5.3.17.jar
Launcher Type: SUN_STANDARD

[Global flags]
     intx CICompilerCount                          = 2                                         {product} {ergonomic}
     uint ConcGCThreads                            = 1                                         {product} {ergonomic}
     uint G1ConcRefinementThreads                  = 2                                         {product} {ergonomic}
   size_t G1HeapRegionSize                         = 1048576                                   {product} {ergonomic}
    uintx GCDrainStackTargetSize                   = 64                                        {product} {ergonomic}
   size_t InitialHeapSize                          = 100663296                                 {product} {ergonomic}
   size_t MarkStackSize                            = 4194304                                   {product} {ergonomic}
   size_t MaxHeapSize                              = 1583349760                                {product} {ergonomic}
   size_t MaxNewSize                               = 950009856                                 {product} {ergonomic}
   size_t MinHeapDeltaBytes                        = 1048576                                   {product} {ergonomic}
   size_t MinHeapSize                              = 8388608                                   {product} {ergonomic}
    uintx NonNMethodCodeHeapSize                   = 5826188                                {pd product} {ergonomic}
    uintx NonProfiledCodeHeapSize                  = 122916026                              {pd product} {ergonomic}
    uintx ProfiledCodeHeapSize                     = 122916026                              {pd product} {ergonomic}
    uintx ReservedCodeCacheSize                    = 251658240                              {pd product} {ergonomic}
     bool SegmentedCodeCache                       = true                                      {product} {ergonomic}
   size_t SoftMaxHeapSize                          = 1583349760                             {manageable} {ergonomic}
     bool UseCompressedClassPointers               = true                           {product lp64_product} {ergonomic}
     bool UseCompressedOops                        = true                           {product lp64_product} {ergonomic}
     bool UseG1GC                                  = true                                      {product} {ergonomic}
     bool UseLargePagesIndividualAllocation        = false                                  {pd product} {ergonomic}

Logging:
Log output configuration:
 #0: stdout all=warning uptime,level,tags foldmultilines=false
 #1: stderr all=off uptime,level,tags foldmultilines=false

Environment Variables:
PATH=C:\Program Files\Common Files\Oracle\Java\javapath;C:\Program Files (x86)\NVIDIA Corporation\PhysX\Common;C:\Windows\system32;C:\Windows;C:\Windows\System32\Wbem;C:\Windows\System32\WindowsPowerShell\v1.0\;C:\Program Files\nodejs\;C:\Program Files\Git\cmd;C:\Program Files\MySQL\MySQL Shell 8.0\bin\;C:\Users\Utente-PC\AppData\Local\Microsoft\WindowsApps;;C:\Users\Utente-PC\AppData\Local\Programs\Microsoft VS Code\bin;C:\Users\Utente-PC\AppData\Roaming\npm
USERNAME=Utente-PC
OS=Windows_NT
PROCESSOR_IDENTIFIER=Intel64 Family 6 Model 42 Stepping 7, GenuineIntel
TMP=C:\Users\UTENTE~1\AppData\Local\Temp
TEMP=C:\Users\UTENTE~1\AppData\Local\Temp



---------------  S Y S T E M  ---------------

OS:
 Windows 10 , 64 bit Build 19041 (10.0.19041.2546)
OS uptime: 0 days 6:19 hours

CPU: total 2 (initial active 2) (2 cores per cpu, 1 threads per core) family 6 model 42 stepping 7 microcode 0x2f, cx8, cmov, fxsr, mmx, sse, sse2, sse3, ssse3, sse4.1, sse4.2, popcnt, tsc, tscinvbit, clmul, clflush, rdtscp

Memory: 4k page, system-wide physical 6033M (809M free)
TotalPageFile size 6033M (AvailPageFile size 4M)
current process WorkingSet (physical memory assigned to process): 128M, peak: 128M
current process commit charge ("private bytes"): 212M, peak: 213M

vm_info: OpenJDK 64-Bit Server VM (19.0.2+7-44) for windows-amd64 JRE (19.0.2+7-44), built on 2022-11-30T18:02:09Z by "mach5one" with MS VC++ 17.1 (VS2022)

END.
