#
# There is insufficient memory for the Java Runtime Environment to continue.
# Native memory allocation (mmap) failed to map 65536 bytes for Failed to commit metaspace.
# Possible reasons:
#   The system is out of physical RAM or swap space
#   The process is running with CompressedOops enabled, and the Java Heap may be blocking the growth of the native heap
# Possible solutions:
#   Reduce memory load on the system
#   Increase physical memory or swap space
#   Check if swap backing store is full
#   Decrease Java heap size (-Xmx/-Xms)
#   Decrease number of Java threads
#   Decrease Java thread stack sizes (-Xss)
#   Set larger code cache with -XX:ReservedCodeCacheSize=
#   JVM is running with Unscaled Compressed Oops mode in which the Java heap is
#     placed in the first 4GB address space. The Java Heap base address is the
#     maximum limit for the native heap growth. Please use -XX:HeapBaseMinAddress
#     to set the Java Heap base and to place the Java Heap above 4GB virtual address.
# This output file may be truncated or incomplete.
#
#  Out of Memory Error (virtualSpaceNode.cpp:110), pid=7008, tid=1036
#
# JRE version: OpenJDK Runtime Environment JBR-17.0.3+7-469.37-jcef (17.0.3+7) (build 17.0.3+7-b469.37)
# Java VM: OpenJDK 64-Bit Server VM JBR-17.0.3+7-469.37-jcef (17.0.3+7-b469.37, mixed mode, tiered, compressed oops, compressed class ptrs, g1 gc, windows-amd64)
# No core dump will be written. Minidumps are not enabled by default on client versions of Windows
#

---------------  S U M M A R Y ------------

Command Line: git4idea.http.GitAskPassApp Username for 'https://github.com': 

Host: Intel(R) Celeron(R) CPU B830 @ 1.80GHz, 2 cores, 5G,  Windows 10 , 64 bit Build 19041 (10.0.19041.2546)
Time: Tue Apr 18 18:38:55 2023 ora legale Europa occidentale elapsed time: 0.804006 seconds (0d 0h 0m 0s)

---------------  T H R E A D  ---------------

Current thread (0x00000274a24f6000):  JavaThread "main" [_thread_in_vm, id=1036, stack(0x000000cfab900000,0x000000cfaba00000)]

Stack: [0x000000cfab900000,0x000000cfaba00000]
Native frames: (J=compiled Java code, j=interpreted, Vv=VM code, C=native code)
V  [jvm.dll+0x681f8a]
V  [jvm.dll+0x83e374]
V  [jvm.dll+0x83fb1e]
V  [jvm.dll+0x840183]
V  [jvm.dll+0x2492a5]
V  [jvm.dll+0x83a3cb]
V  [jvm.dll+0x626586]
V  [jvm.dll+0x6265ea]
V  [jvm.dll+0x628dfa]
V  [jvm.dll+0x626f26]
V  [jvm.dll+0x23e580]
V  [jvm.dll+0x1edbbd]
V  [jvm.dll+0x1e357c]
V  [jvm.dll+0x546dbd]
V  [jvm.dll+0x1f3e9b]
V  [jvm.dll+0x7b837b]
V  [jvm.dll+0x7b97c2]
V  [jvm.dll+0x7b9af8]
V  [jvm.dll+0x240f1e]
V  [jvm.dll+0x383c4e]
C  0x00000274a5c6b341

Java frames: (J=compiled Java code, j=interpreted, Vv=VM code)
j  jdk.internal.jimage.BasicImageReader.<init>(Ljava/nio/file/Path;Ljava/nio/ByteOrder;)V+493 java.base@17.0.3
j  jdk.internal.jimage.ImageReader$SharedImageReader.<init>(Ljava/nio/file/Path;Ljava/nio/ByteOrder;)V+3 java.base@17.0.3
j  jdk.internal.jimage.ImageReader$SharedImageReader.open(Ljava/nio/file/Path;Ljava/nio/ByteOrder;)Ljdk/internal/jimage/ImageReader;+39 java.base@17.0.3
j  jdk.internal.jimage.ImageReader.open(Ljava/nio/file/Path;Ljava/nio/ByteOrder;)Ljdk/internal/jimage/ImageReader;+12 java.base@17.0.3
j  jdk.internal.jimage.ImageReader.open(Ljava/nio/file/Path;)Ljdk/internal/jimage/ImageReader;+4 java.base@17.0.3
j  jdk.internal.jimage.ImageReaderFactory$1.apply(Ljava/nio/file/Path;)Ljdk/internal/jimage/ImageReader;+1 java.base@17.0.3
j  jdk.internal.jimage.ImageReaderFactory$1.apply(Ljava/lang/Object;)Ljava/lang/Object;+5 java.base@17.0.3
j  java.util.concurrent.ConcurrentHashMap.computeIfAbsent(Ljava/lang/Object;Ljava/util/function/Function;)Ljava/lang/Object;+115 java.base@17.0.3
j  jdk.internal.jimage.ImageReaderFactory.get(Ljava/nio/file/Path;)Ljdk/internal/jimage/ImageReader;+12 java.base@17.0.3
j  jdk.internal.jimage.ImageReaderFactory.getImageReader()Ljdk/internal/jimage/ImageReader;+3 java.base@17.0.3
j  jdk.internal.module.SystemModuleFinders$SystemImage.<clinit>()V+0 java.base@17.0.3
v  ~StubRoutines::call_stub
j  jdk.internal.module.SystemModuleFinders$SystemModuleReader.containsImageLocation(Ljava/lang/String;)Z+22 java.base@17.0.3
j  jdk.internal.module.SystemModuleFinders$SystemModuleReader.find(Ljava/lang/String;)Ljava/util/Optional;+2 java.base@17.0.3
j  jdk.internal.loader.BuiltinClassLoader$2.run()Ljava/util/List;+51 java.base@17.0.3
j  jdk.internal.loader.BuiltinClassLoader$2.run()Ljava/lang/Object;+1 java.base@17.0.3
j  java.security.AccessController.executePrivileged(Ljava/security/PrivilegedExceptionAction;Ljava/security/AccessControlContext;Ljava/lang/Class;)Ljava/lang/Object;+29 java.base@17.0.3
j  java.security.AccessController.doPrivileged(Ljava/security/PrivilegedExceptionAction;)Ljava/lang/Object;+9 java.base@17.0.3
j  jdk.internal.loader.BuiltinClassLoader.findMiscResource(Ljava/lang/String;)Ljava/util/List;+83 java.base@17.0.3
j  jdk.internal.loader.BuiltinClassLoader.findResources(Ljava/lang/String;)Ljava/util/Enumeration;+107 java.base@17.0.3
j  jdk.internal.loader.BootLoader.findResources(Ljava/lang/String;)Ljava/util/Enumeration;+4 java.base@17.0.3
j  java.lang.ClassLoader.getResources(Ljava/lang/String;)Ljava/util/Enumeration;+34 java.base@17.0.3
j  java.lang.ClassLoader.getResources(Ljava/lang/String;)Ljava/util/Enumeration;+24 java.base@17.0.3
j  java.util.ServiceLoader$LazyClassPathLookupIterator.nextProviderClass()Ljava/lang/Class;+106 java.base@17.0.3
j  java.util.ServiceLoader$LazyClassPathLookupIterator.hasNextService()Z+15 java.base@17.0.3
j  java.util.ServiceLoader$LazyClassPathLookupIterator.hasNext()Z+11 java.base@17.0.3
j  java.util.ServiceLoader$2.hasNext()Z+16 java.base@17.0.3
j  java.util.ServiceLoader$3.hasNext()Z+32 java.base@17.0.3
j  java.net.URL$1.getNext()Z+11 java.base@17.0.3
j  java.net.URL$1.hasNext()Z+1 java.base@17.0.3
j  java.net.URL$2.run()Ljava/net/URLStreamHandler;+5 java.base@17.0.3
j  java.net.URL$2.run()Ljava/lang/Object;+1 java.base@17.0.3
j  java.security.AccessController.executePrivileged(Ljava/security/PrivilegedAction;Ljava/security/AccessControlContext;Ljava/lang/Class;)Ljava/lang/Object;+29 java.base@17.0.3
j  java.security.AccessController.doPrivileged(Ljava/security/PrivilegedAction;)Ljava/lang/Object;+5 java.base@17.0.3
j  java.net.URL.lookupViaProviders(Ljava/lang/String;)Ljava/net/URLStreamHandler;+37 java.base@17.0.3
j  java.net.URL.getURLStreamHandler(Ljava/lang/String;)Ljava/net/URLStreamHandler;+68 java.base@17.0.3
j  java.net.URL.<init>(Ljava/net/URL;Ljava/lang/String;Ljava/net/URLStreamHandler;)V+386 java.base@17.0.3
j  java.net.URL.<init>(Ljava/net/URL;Ljava/lang/String;)V+4 java.base@17.0.3
j  java.net.URL.<init>(Ljava/lang/String;)V+3 java.base@17.0.3
j  org.apache.xmlrpc.XmlRpcClient.<init>(Ljava/lang/String;I)V+38
j  org.apache.xmlrpc.XmlRpcClientLite.<init>(Ljava/lang/String;I)V+3
j  externalApp.ExternalAppUtil.sendXmlRequest(Ljava/lang/String;I[Ljava/lang/Object;)Ljava/lang/Object;+23
j  git4idea.http.GitAskPassApp.main([Ljava/lang/String;)V+46
v  ~StubRoutines::call_stub

---------------  P R O C E S S  ---------------

Threads class SMR info:
_java_thread_list=0x00000274bb17b620, length=12, elements={
0x00000274a24f6000, 0x00000274ba53d270, 0x00000274ba53e0e0, 0x00000274ba596130,
0x00000274ba599f00, 0x00000274ba59a8b0, 0x00000274ba59b260, 0x00000274ba59bff0,
0x00000274ba59ca90, 0x00000274ba5a0970, 0x00000274bb148af0, 0x00000274bb17f020
}

Java Threads: ( => current thread )
=>0x00000274a24f6000 JavaThread "main" [_thread_in_vm, id=1036, stack(0x000000cfab900000,0x000000cfaba00000)]
  0x00000274ba53d270 JavaThread "Reference Handler" daemon [_thread_blocked, id=7708, stack(0x000000cfac000000,0x000000cfac100000)]
  0x00000274ba53e0e0 JavaThread "Finalizer" daemon [_thread_blocked, id=8572, stack(0x000000cfac100000,0x000000cfac200000)]
  0x00000274ba596130 JavaThread "Signal Dispatcher" daemon [_thread_blocked, id=4164, stack(0x000000cfac200000,0x000000cfac300000)]
  0x00000274ba599f00 JavaThread "Attach Listener" daemon [_thread_blocked, id=8424, stack(0x000000cfac300000,0x000000cfac400000)]
  0x00000274ba59a8b0 JavaThread "Service Thread" daemon [_thread_blocked, id=8344, stack(0x000000cfac400000,0x000000cfac500000)]
  0x00000274ba59b260 JavaThread "Monitor Deflation Thread" daemon [_thread_blocked, id=224, stack(0x000000cfac500000,0x000000cfac600000)]
  0x00000274ba59bff0 JavaThread "C2 CompilerThread0" daemon [_thread_blocked, id=3884, stack(0x000000cfac600000,0x000000cfac700000)]
  0x00000274ba59ca90 JavaThread "C1 CompilerThread0" daemon [_thread_blocked, id=8164, stack(0x000000cfac700000,0x000000cfac800000)]
  0x00000274ba5a0970 JavaThread "Sweeper thread" daemon [_thread_blocked, id=5648, stack(0x000000cfac800000,0x000000cfac900000)]
  0x00000274bb148af0 JavaThread "Notification Thread" daemon [_thread_blocked, id=7124, stack(0x000000cfac900000,0x000000cfaca00000)]
  0x00000274bb17f020 JavaThread "Common-Cleaner" daemon [_thread_blocked, id=5932, stack(0x000000cfacb00000,0x000000cfacc00000)]

Other Threads:
  0x00000274ba4df170 VMThread "VM Thread" [stack: 0x000000cfabf00000,0x000000cfac000000] [id=8372]
  0x00000274bb1693e0 WatcherThread [stack: 0x000000cfaca00000,0x000000cfacb00000] [id=3476]
  0x00000274a253df20 GCTaskThread "GC Thread#0" [stack: 0x000000cfaba00000,0x000000cfabb00000] [id=6964]
  0x00000274a254ab20 ConcurrentGCThread "G1 Main Marker" [stack: 0x000000cfabb00000,0x000000cfabc00000] [id=7156]
  0x00000274a254b530 ConcurrentGCThread "G1 Conc#0" [stack: 0x000000cfabc00000,0x000000cfabd00000] [id=4348]
  0x00000274a25a2e10 ConcurrentGCThread "G1 Refine#0" [stack: 0x000000cfabd00000,0x000000cfabe00000] [id=9148]
  0x00000274a25a3830 ConcurrentGCThread "G1 Service" [stack: 0x000000cfabe00000,0x000000cfabf00000] [id=6316]

Threads with active compile tasks:

VM state: not at safepoint (normal execution)

VM Mutex/Monitor currently owned by a thread:  ([mutex/lock_event])
[0x00000274a24e2c10] Metaspace_lock - owner thread: 0x00000274a24f6000

Heap address: 0x00000000a1a00000, size: 1510 MB, Compressed Oops mode: 32-bit

CDS archive(s) not mapped
Compressed class space mapped at: 0x0000000100000000-0x0000000140000000, reserved size: 1073741824
Narrow klass base: 0x0000000000000000, Narrow klass shift: 3, Narrow klass range: 0x140000000

GC Precious Log:
 CPUs: 2 total, 2 available
 Memory: 6033M
 Large Page Support: Disabled
 NUMA Support: Disabled
 Compressed Oops: Enabled (32-bit)
 Heap Region Size: 1M
 Heap Min Capacity: 8M
 Heap Initial Capacity: 96M
 Heap Max Capacity: 1510M
 Pre-touch: Disabled
 Parallel Workers: 2
 Concurrent Workers: 1
 Concurrent Refinement Workers: 2
 Periodic GC: Disabled

Heap:
 garbage-first heap   total 98304K, used 12288K [0x00000000a1a00000, 0x0000000100000000)
  region size 1024K, 2 young (2048K), 0 survivors (0K)
 Metaspace       used 6257K, committed 6336K, reserved 1056768K
  class space    used 532K, committed 576K, reserved 1048576K

Heap Regions: E=young(eden), S=young(survivor), O=old, HS=humongous(starts), HC=humongous(continues), CS=collection set, F=free, OA=open archive, CA=closed archive, TAMS=top-at-mark-start (previous, next)
|   0|0x00000000a1a00000, 0x00000000a1b00000, 0x00000000a1b00000|100%|HS|  |TAMS 0x00000000a1a00000, 0x00000000a1a00000| Complete 
|   1|0x00000000a1b00000, 0x00000000a1c00000, 0x00000000a1c00000|100%|HC|  |TAMS 0x00000000a1b00000, 0x00000000a1b00000| Complete 
|   2|0x00000000a1c00000, 0x00000000a1d00000, 0x00000000a1d00000|100%|HC|  |TAMS 0x00000000a1c00000, 0x00000000a1c00000| Complete 
|   3|0x00000000a1d00000, 0x00000000a1e00000, 0x00000000a1e00000|100%|HC|  |TAMS 0x00000000a1d00000, 0x00000000a1d00000| Complete 
|   4|0x00000000a1e00000, 0x00000000a1f00000, 0x00000000a1f00000|100%|HC|  |TAMS 0x00000000a1e00000, 0x00000000a1e00000| Complete 
|   5|0x00000000a1f00000, 0x00000000a2000000, 0x00000000a2000000|100%|HC|  |TAMS 0x00000000a1f00000, 0x00000000a1f00000| Complete 
|   6|0x00000000a2000000, 0x00000000a2100000, 0x00000000a2100000|100%|HC|  |TAMS 0x00000000a2000000, 0x00000000a2000000| Complete 
|   7|0x00000000a2100000, 0x00000000a2200000, 0x00000000a2200000|100%|HC|  |TAMS 0x00000000a2100000, 0x00000000a2100000| Complete 
|   8|0x00000000a2200000, 0x00000000a2300000, 0x00000000a2300000|100%|HC|  |TAMS 0x00000000a2200000, 0x00000000a2200000| Complete 
|   9|0x00000000a2300000, 0x00000000a2400000, 0x00000000a2400000|100%|HC|  |TAMS 0x00000000a2300000, 0x00000000a2300000| Complete 
|  10|0x00000000a2400000, 0x00000000a2500000, 0x00000000a2500000|100%|HS|  |TAMS 0x00000000a2400000, 0x00000000a2400000| Complete 
|  11|0x00000000a2500000, 0x00000000a2600000, 0x00000000a2600000|100%|HC|  |TAMS 0x00000000a2500000, 0x00000000a2500000| Complete 
|  12|0x00000000a2600000, 0x00000000a2600000, 0x00000000a2700000|  0%| F|  |TAMS 0x00000000a2600000, 0x00000000a2600000| Untracked 
|  13|0x00000000a2700000, 0x00000000a2700000, 0x00000000a2800000|  0%| F|  |TAMS 0x00000000a2700000, 0x00000000a2700000| Untracked 
|  14|0x00000000a2800000, 0x00000000a2800000, 0x00000000a2900000|  0%| F|  |TAMS 0x00000000a2800000, 0x00000000a2800000| Untracked 
|  15|0x00000000a2900000, 0x00000000a2900000, 0x00000000a2a00000|  0%| F|  |TAMS 0x00000000a2900000, 0x00000000a2900000| Untracked 
|  16|0x00000000a2a00000, 0x00000000a2a00000, 0x00000000a2b00000|  0%| F|  |TAMS 0x00000000a2a00000, 0x00000000a2a00000| Untracked 
|  17|0x00000000a2b00000, 0x00000000a2b00000, 0x00000000a2c00000|  0%| F|  |TAMS 0x00000000a2b00000, 0x00000000a2b00000| Untracked 
|  18|0x00000000a2c00000, 0x00000000a2c00000, 0x00000000a2d00000|  0%| F|  |TAMS 0x00000000a2c00000, 0x00000000a2c00000| Untracked 
|  19|0x00000000a2d00000, 0x00000000a2d00000, 0x00000000a2e00000|  0%| F|  |TAMS 0x00000000a2d00000, 0x00000000a2d00000| Untracked 
|  20|0x00000000a2e00000, 0x00000000a2e00000, 0x00000000a2f00000|  0%| F|  |TAMS 0x00000000a2e00000, 0x00000000a2e00000| Untracked 
|  21|0x00000000a2f00000, 0x00000000a2f00000, 0x00000000a3000000|  0%| F|  |TAMS 0x00000000a2f00000, 0x00000000a2f00000| Untracked 
|  22|0x00000000a3000000, 0x00000000a3000000, 0x00000000a3100000|  0%| F|  |TAMS 0x00000000a3000000, 0x00000000a3000000| Untracked 
|  23|0x00000000a3100000, 0x00000000a3100000, 0x00000000a3200000|  0%| F|  |TAMS 0x00000000a3100000, 0x00000000a3100000| Untracked 
|  24|0x00000000a3200000, 0x00000000a3200000, 0x00000000a3300000|  0%| F|  |TAMS 0x00000000a3200000, 0x00000000a3200000| Untracked 
|  25|0x00000000a3300000, 0x00000000a3300000, 0x00000000a3400000|  0%| F|  |TAMS 0x00000000a3300000, 0x00000000a3300000| Untracked 
|  26|0x00000000a3400000, 0x00000000a3400000, 0x00000000a3500000|  0%| F|  |TAMS 0x00000000a3400000, 0x00000000a3400000| Untracked 
|  27|0x00000000a3500000, 0x00000000a3500000, 0x00000000a3600000|  0%| F|  |TAMS 0x00000000a3500000, 0x00000000a3500000| Untracked 
|  28|0x00000000a3600000, 0x00000000a3600000, 0x00000000a3700000|  0%| F|  |TAMS 0x00000000a3600000, 0x00000000a3600000| Untracked 
|  29|0x00000000a3700000, 0x00000000a3700000, 0x00000000a3800000|  0%| F|  |TAMS 0x00000000a3700000, 0x00000000a3700000| Untracked 
|  30|0x00000000a3800000, 0x00000000a3800000, 0x00000000a3900000|  0%| F|  |TAMS 0x00000000a3800000, 0x00000000a3800000| Untracked 
|  31|0x00000000a3900000, 0x00000000a3900000, 0x00000000a3a00000|  0%| F|  |TAMS 0x00000000a3900000, 0x00000000a3900000| Untracked 
|  32|0x00000000a3a00000, 0x00000000a3a00000, 0x00000000a3b00000|  0%| F|  |TAMS 0x00000000a3a00000, 0x00000000a3a00000| Untracked 
|  33|0x00000000a3b00000, 0x00000000a3b00000, 0x00000000a3c00000|  0%| F|  |TAMS 0x00000000a3b00000, 0x00000000a3b00000| Untracked 
|  34|0x00000000a3c00000, 0x00000000a3c00000, 0x00000000a3d00000|  0%| F|  |TAMS 0x00000000a3c00000, 0x00000000a3c00000| Untracked 
|  35|0x00000000a3d00000, 0x00000000a3d00000, 0x00000000a3e00000|  0%| F|  |TAMS 0x00000000a3d00000, 0x00000000a3d00000| Untracked 
|  36|0x00000000a3e00000, 0x00000000a3e00000, 0x00000000a3f00000|  0%| F|  |TAMS 0x00000000a3e00000, 0x00000000a3e00000| Untracked 
|  37|0x00000000a3f00000, 0x00000000a3f00000, 0x00000000a4000000|  0%| F|  |TAMS 0x00000000a3f00000, 0x00000000a3f00000| Untracked 
|  38|0x00000000a4000000, 0x00000000a4000000, 0x00000000a4100000|  0%| F|  |TAMS 0x00000000a4000000, 0x00000000a4000000| Untracked 
|  39|0x00000000a4100000, 0x00000000a4100000, 0x00000000a4200000|  0%| F|  |TAMS 0x00000000a4100000, 0x00000000a4100000| Untracked 
|  40|0x00000000a4200000, 0x00000000a4200000, 0x00000000a4300000|  0%| F|  |TAMS 0x00000000a4200000, 0x00000000a4200000| Untracked 
|  41|0x00000000a4300000, 0x00000000a4300000, 0x00000000a4400000|  0%| F|  |TAMS 0x00000000a4300000, 0x00000000a4300000| Untracked 
|  42|0x00000000a4400000, 0x00000000a4400000, 0x00000000a4500000|  0%| F|  |TAMS 0x00000000a4400000, 0x00000000a4400000| Untracked 
|  43|0x00000000a4500000, 0x00000000a4500000, 0x00000000a4600000|  0%| F|  |TAMS 0x00000000a4500000, 0x00000000a4500000| Untracked 
|  44|0x00000000a4600000, 0x00000000a4600000, 0x00000000a4700000|  0%| F|  |TAMS 0x00000000a4600000, 0x00000000a4600000| Untracked 
|  45|0x00000000a4700000, 0x00000000a4700000, 0x00000000a4800000|  0%| F|  |TAMS 0x00000000a4700000, 0x00000000a4700000| Untracked 
|  46|0x00000000a4800000, 0x00000000a4800000, 0x00000000a4900000|  0%| F|  |TAMS 0x00000000a4800000, 0x00000000a4800000| Untracked 
|  47|0x00000000a4900000, 0x00000000a4900000, 0x00000000a4a00000|  0%| F|  |TAMS 0x00000000a4900000, 0x00000000a4900000| Untracked 
|  48|0x00000000a4a00000, 0x00000000a4a00000, 0x00000000a4b00000|  0%| F|  |TAMS 0x00000000a4a00000, 0x00000000a4a00000| Untracked 
|  49|0x00000000a4b00000, 0x00000000a4b00000, 0x00000000a4c00000|  0%| F|  |TAMS 0x00000000a4b00000, 0x00000000a4b00000| Untracked 
|  50|0x00000000a4c00000, 0x00000000a4c00000, 0x00000000a4d00000|  0%| F|  |TAMS 0x00000000a4c00000, 0x00000000a4c00000| Untracked 
|  51|0x00000000a4d00000, 0x00000000a4d00000, 0x00000000a4e00000|  0%| F|  |TAMS 0x00000000a4d00000, 0x00000000a4d00000| Untracked 
|  52|0x00000000a4e00000, 0x00000000a4e00000, 0x00000000a4f00000|  0%| F|  |TAMS 0x00000000a4e00000, 0x00000000a4e00000| Untracked 
|  53|0x00000000a4f00000, 0x00000000a4f00000, 0x00000000a5000000|  0%| F|  |TAMS 0x00000000a4f00000, 0x00000000a4f00000| Untracked 
|  54|0x00000000a5000000, 0x00000000a5000000, 0x00000000a5100000|  0%| F|  |TAMS 0x00000000a5000000, 0x00000000a5000000| Untracked 
|  55|0x00000000a5100000, 0x00000000a5100000, 0x00000000a5200000|  0%| F|  |TAMS 0x00000000a5100000, 0x00000000a5100000| Untracked 
|  56|0x00000000a5200000, 0x00000000a5200000, 0x00000000a5300000|  0%| F|  |TAMS 0x00000000a5200000, 0x00000000a5200000| Untracked 
|  57|0x00000000a5300000, 0x00000000a5300000, 0x00000000a5400000|  0%| F|  |TAMS 0x00000000a5300000, 0x00000000a5300000| Untracked 
|  58|0x00000000a5400000, 0x00000000a5400000, 0x00000000a5500000|  0%| F|  |TAMS 0x00000000a5400000, 0x00000000a5400000| Untracked 
|  59|0x00000000a5500000, 0x00000000a5500000, 0x00000000a5600000|  0%| F|  |TAMS 0x00000000a5500000, 0x00000000a5500000| Untracked 
|  60|0x00000000a5600000, 0x00000000a5600000, 0x00000000a5700000|  0%| F|  |TAMS 0x00000000a5600000, 0x00000000a5600000| Untracked 
|  61|0x00000000a5700000, 0x00000000a5700000, 0x00000000a5800000|  0%| F|  |TAMS 0x00000000a5700000, 0x00000000a5700000| Untracked 
|  62|0x00000000a5800000, 0x00000000a5800000, 0x00000000a5900000|  0%| F|  |TAMS 0x00000000a5800000, 0x00000000a5800000| Untracked 
|  63|0x00000000a5900000, 0x00000000a5900000, 0x00000000a5a00000|  0%| F|  |TAMS 0x00000000a5900000, 0x00000000a5900000| Untracked 
|  64|0x00000000a5a00000, 0x00000000a5a00000, 0x00000000a5b00000|  0%| F|  |TAMS 0x00000000a5a00000, 0x00000000a5a00000| Untracked 
|  65|0x00000000a5b00000, 0x00000000a5b00000, 0x00000000a5c00000|  0%| F|  |TAMS 0x00000000a5b00000, 0x00000000a5b00000| Untracked 
|  66|0x00000000a5c00000, 0x00000000a5c00000, 0x00000000a5d00000|  0%| F|  |TAMS 0x00000000a5c00000, 0x00000000a5c00000| Untracked 
|  67|0x00000000a5d00000, 0x00000000a5d00000, 0x00000000a5e00000|  0%| F|  |TAMS 0x00000000a5d00000, 0x00000000a5d00000| Untracked 
|  68|0x00000000a5e00000, 0x00000000a5e00000, 0x00000000a5f00000|  0%| F|  |TAMS 0x00000000a5e00000, 0x00000000a5e00000| Untracked 
|  69|0x00000000a5f00000, 0x00000000a5f00000, 0x00000000a6000000|  0%| F|  |TAMS 0x00000000a5f00000, 0x00000000a5f00000| Untracked 
|  70|0x00000000a6000000, 0x00000000a6000000, 0x00000000a6100000|  0%| F|  |TAMS 0x00000000a6000000, 0x00000000a6000000| Untracked 
|  71|0x00000000a6100000, 0x00000000a6100000, 0x00000000a6200000|  0%| F|  |TAMS 0x00000000a6100000, 0x00000000a6100000| Untracked 
|  72|0x00000000a6200000, 0x00000000a6200000, 0x00000000a6300000|  0%| F|  |TAMS 0x00000000a6200000, 0x00000000a6200000| Untracked 
|  73|0x00000000a6300000, 0x00000000a6300000, 0x00000000a6400000|  0%| F|  |TAMS 0x00000000a6300000, 0x00000000a6300000| Untracked 
|  74|0x00000000a6400000, 0x00000000a6400000, 0x00000000a6500000|  0%| F|  |TAMS 0x00000000a6400000, 0x00000000a6400000| Untracked 
|  75|0x00000000a6500000, 0x00000000a6500000, 0x00000000a6600000|  0%| F|  |TAMS 0x00000000a6500000, 0x00000000a6500000| Untracked 
|  76|0x00000000a6600000, 0x00000000a6600000, 0x00000000a6700000|  0%| F|  |TAMS 0x00000000a6600000, 0x00000000a6600000| Untracked 
|  77|0x00000000a6700000, 0x00000000a6700000, 0x00000000a6800000|  0%| F|  |TAMS 0x00000000a6700000, 0x00000000a6700000| Untracked 
|  78|0x00000000a6800000, 0x00000000a6800000, 0x00000000a6900000|  0%| F|  |TAMS 0x00000000a6800000, 0x00000000a6800000| Untracked 
|  79|0x00000000a6900000, 0x00000000a6900000, 0x00000000a6a00000|  0%| F|  |TAMS 0x00000000a6900000, 0x00000000a6900000| Untracked 
|  80|0x00000000a6a00000, 0x00000000a6a00000, 0x00000000a6b00000|  0%| F|  |TAMS 0x00000000a6a00000, 0x00000000a6a00000| Untracked 
|  81|0x00000000a6b00000, 0x00000000a6b00000, 0x00000000a6c00000|  0%| F|  |TAMS 0x00000000a6b00000, 0x00000000a6b00000| Untracked 
|  82|0x00000000a6c00000, 0x00000000a6c00000, 0x00000000a6d00000|  0%| F|  |TAMS 0x00000000a6c00000, 0x00000000a6c00000| Untracked 
|  83|0x00000000a6d00000, 0x00000000a6d00000, 0x00000000a6e00000|  0%| F|  |TAMS 0x00000000a6d00000, 0x00000000a6d00000| Untracked 
|  84|0x00000000a6e00000, 0x00000000a6e00000, 0x00000000a6f00000|  0%| F|  |TAMS 0x00000000a6e00000, 0x00000000a6e00000| Untracked 
|  85|0x00000000a6f00000, 0x00000000a6f00000, 0x00000000a7000000|  0%| F|  |TAMS 0x00000000a6f00000, 0x00000000a6f00000| Untracked 
|  86|0x00000000a7000000, 0x00000000a7000000, 0x00000000a7100000|  0%| F|  |TAMS 0x00000000a7000000, 0x00000000a7000000| Untracked 
|  87|0x00000000a7100000, 0x00000000a7100000, 0x00000000a7200000|  0%| F|  |TAMS 0x00000000a7100000, 0x00000000a7100000| Untracked 
|  88|0x00000000a7200000, 0x00000000a7200000, 0x00000000a7300000|  0%| F|  |TAMS 0x00000000a7200000, 0x00000000a7200000| Untracked 
|  89|0x00000000a7300000, 0x00000000a7300000, 0x00000000a7400000|  0%| F|  |TAMS 0x00000000a7300000, 0x00000000a7300000| Untracked 
|  90|0x00000000a7400000, 0x00000000a7400000, 0x00000000a7500000|  0%| F|  |TAMS 0x00000000a7400000, 0x00000000a7400000| Untracked 
|  91|0x00000000a7500000, 0x00000000a7500000, 0x00000000a7600000|  0%| F|  |TAMS 0x00000000a7500000, 0x00000000a7500000| Untracked 
|  92|0x00000000a7600000, 0x00000000a7600000, 0x00000000a7700000|  0%| F|  |TAMS 0x00000000a7600000, 0x00000000a7600000| Untracked 
|  93|0x00000000a7700000, 0x00000000a7700000, 0x00000000a7800000|  0%| F|  |TAMS 0x00000000a7700000, 0x00000000a7700000| Untracked 
|  94|0x00000000a7800000, 0x00000000a784cce0, 0x00000000a7900000| 30%| E|  |TAMS 0x00000000a7800000, 0x00000000a7800000| Complete 
|  95|0x00000000a7900000, 0x00000000a7a00000, 0x00000000a7a00000|100%| E|  |TAMS 0x00000000a7900000, 0x00000000a7900000| Complete 

Card table byte_map: [0x00000274b4c50000,0x00000274b4f50000] _byte_map_base: 0x00000274b4743000

Marking Bits (Prev, Next): (CMBitMap*) 0x00000274a253e530, (CMBitMap*) 0x00000274a253e570
 Prev Bits: [0x00000274b5250000, 0x00000274b69e8000)
 Next Bits: [0x00000274b69f0000, 0x00000274b8188000)

Polling page: 0x00000274a02f0000

Metaspace:

Usage:
  Non-class:      5.59 MB used.
      Class:    532.47 KB used.
       Both:      6.11 MB used.

Virtual space:
  Non-class space:        8.00 MB reserved,       5.62 MB ( 70%) committed,  1 nodes.
      Class space:        1.00 GB reserved,     576.00 KB ( <1%) committed,  1 nodes.
             Both:        1.01 GB reserved,       6.19 MB ( <1%) committed. 

Chunk freelists:
   Non-Class:  2.22 MB
       Class:  3.25 MB
        Both:  5.47 MB

MaxMetaspaceSize: unlimited
CompressedClassSpaceSize: 1.00 GB
Initial GC threshold: 21.00 MB
Current GC threshold: 21.00 MB
CDS: off
MetaspaceReclaimPolicy: balanced
 - commit_granule_bytes: 65536.
 - commit_granule_words: 8192.
 - virtual_space_node_default_size: 1048576.
 - enlarge_chunks_in_place: 1.
 - new_chunks_are_fully_committed: 0.
 - uncommit_free_chunks: 1.
 - use_allocation_guard: 0.
 - handle_deallocations: 1.


Internal statistics:

num_allocs_failed_limit: 0.
num_arena_births: 6.
num_arena_deaths: 0.
num_vsnodes_births: 2.
num_vsnodes_deaths: 0.
num_space_committed: 99.
num_space_uncommitted: 0.
num_chunks_returned_to_freelist: 0.
num_chunks_taken_from_freelist: 23.
num_chunk_merges: 0.
num_chunk_splits: 8.
num_chunks_enlarged: 3.
num_purges: 0.
num_inconsistent_stats: 0.

CodeHeap 'non-profiled nmethods': size=120064Kb used=41Kb max_used=41Kb free=120022Kb
 bounds [0x00000274ad710000, 0x00000274ad980000, 0x00000274b4c50000]
CodeHeap 'profiled nmethods': size=120000Kb used=219Kb max_used=219Kb free=119780Kb
 bounds [0x00000274a61e0000, 0x00000274a6450000, 0x00000274ad710000]
CodeHeap 'non-nmethods': size=5696Kb used=1088Kb max_used=1096Kb free=4607Kb
 bounds [0x00000274a5c50000, 0x00000274a5ec0000, 0x00000274a61e0000]
 total_blobs=513 nmethods=150 adapters=277
 compilation: enabled
              stopped_count=0, restarted_count=0
 full_count=0

Compilation events (20 events):
Event: 0.733 Thread 0x00000274ba59ca90  138       3       java.lang.AbstractStringBuilder::putStringAt (34 bytes)
Event: 0.733 Thread 0x00000274ba59ca90 nmethod 138 0x00000274a6213d90 code [0x00000274a6213f60, 0x00000274a6214278]
Event: 0.733 Thread 0x00000274ba59ca90  139       3       java.lang.AbstractStringBuilder::getCoder (15 bytes)
Event: 0.733 Thread 0x00000274ba59ca90 nmethod 139 0x00000274a6214410 code [0x00000274a62145a0, 0x00000274a62146d8]
Event: 0.737 Thread 0x00000274ba59bff0  141       4       java.lang.String::charAt (25 bytes)
Event: 0.739 Thread 0x00000274ba59bff0 nmethod 141 0x00000274ad719310 code [0x00000274ad7194a0, 0x00000274ad719588]
Event: 0.750 Thread 0x00000274ba59ca90  142       1       java.lang.invoke.MethodType::returnType (5 bytes)
Event: 0.750 Thread 0x00000274ba59ca90 nmethod 142 0x00000274ad719690 code [0x00000274ad719820, 0x00000274ad7198f8]
Event: 0.751 Thread 0x00000274ba59ca90  145       3       java.lang.String::checkBoundsBeginEnd (63 bytes)
Event: 0.752 Thread 0x00000274ba59ca90 nmethod 145 0x00000274a6214790 code [0x00000274a6214a20, 0x00000274a62152f8]
Event: 0.753 Thread 0x00000274ba59ca90  146       3       java.lang.String::substring (58 bytes)
Event: 0.753 Thread 0x00000274ba59ca90 nmethod 146 0x00000274a6215690 code [0x00000274a6215880, 0x00000274a6215d28]
Event: 0.765 Thread 0x00000274ba59ca90  147       3       java.lang.StringLatin1::lastIndexOf (40 bytes)
Event: 0.766 Thread 0x00000274ba59ca90 nmethod 147 0x00000274a6215f10 code [0x00000274a62160e0, 0x00000274a62164d8]
Event: 0.774 Thread 0x00000274ba59ca90  148       1       java.util.HashMap$Node::getKey (5 bytes)
Event: 0.774 Thread 0x00000274ba59ca90 nmethod 148 0x00000274ad719f90 code [0x00000274ad71a120, 0x00000274ad71a1f8]
Event: 0.774 Thread 0x00000274ba59ca90  149       1       java.util.HashMap$Node::getValue (5 bytes)
Event: 0.775 Thread 0x00000274ba59ca90 nmethod 149 0x00000274ad71a290 code [0x00000274ad71a420, 0x00000274ad71a4f8]
Event: 0.789 Thread 0x00000274ba59ca90  150       3       java.lang.AbstractStringBuilder::append (45 bytes)
Event: 0.789 Thread 0x00000274ba59ca90 nmethod 150 0x00000274a6216610 code [0x00000274a62167e0, 0x00000274a6216b28]

GC Heap History (0 events):
No events

Deoptimization events (20 events):
Event: 0.574 Thread 0x00000274a24f6000 DEOPT PACKING pc=0x00000274a61fbc8c sp=0x000000cfab9fa370
Event: 0.574 Thread 0x00000274a24f6000 DEOPT UNPACKING pc=0x00000274a5ca2b24 sp=0x000000cfab9f9800 mode 0
Event: 0.574 Thread 0x00000274a24f6000 DEOPT PACKING pc=0x00000274a61fbc8c sp=0x000000cfab9fa370
Event: 0.574 Thread 0x00000274a24f6000 DEOPT UNPACKING pc=0x00000274a5ca2b24 sp=0x000000cfab9f9800 mode 0
Event: 0.574 Thread 0x00000274a24f6000 DEOPT PACKING pc=0x00000274a61fbc8c sp=0x000000cfab9fa370
Event: 0.574 Thread 0x00000274a24f6000 DEOPT UNPACKING pc=0x00000274a5ca2b24 sp=0x000000cfab9f9800 mode 0
Event: 0.574 Thread 0x00000274a24f6000 DEOPT PACKING pc=0x00000274a61fbc8c sp=0x000000cfab9fa370
Event: 0.574 Thread 0x00000274a24f6000 DEOPT UNPACKING pc=0x00000274a5ca2b24 sp=0x000000cfab9f9800 mode 0
Event: 0.574 Thread 0x00000274a24f6000 DEOPT PACKING pc=0x00000274a61fbc8c sp=0x000000cfab9fa370
Event: 0.574 Thread 0x00000274a24f6000 DEOPT UNPACKING pc=0x00000274a5ca2b24 sp=0x000000cfab9f9800 mode 0
Event: 0.575 Thread 0x00000274a24f6000 DEOPT PACKING pc=0x00000274a61fbc8c sp=0x000000cfab9fa370
Event: 0.575 Thread 0x00000274a24f6000 DEOPT UNPACKING pc=0x00000274a5ca2b24 sp=0x000000cfab9f9800 mode 0
Event: 0.575 Thread 0x00000274a24f6000 DEOPT PACKING pc=0x00000274a61fbc8c sp=0x000000cfab9fa370
Event: 0.575 Thread 0x00000274a24f6000 DEOPT UNPACKING pc=0x00000274a5ca2b24 sp=0x000000cfab9f9800 mode 0
Event: 0.575 Thread 0x00000274a24f6000 DEOPT PACKING pc=0x00000274a61fbc8c sp=0x000000cfab9fa370
Event: 0.575 Thread 0x00000274a24f6000 DEOPT UNPACKING pc=0x00000274a5ca2b24 sp=0x000000cfab9f9800 mode 0
Event: 0.613 Thread 0x00000274a24f6000 Uncommon trap: trap_request=0xffffff45 fr.pc=0x00000274ad715bf8 relative=0x0000000000000158
Event: 0.613 Thread 0x00000274a24f6000 Uncommon trap: reason=unstable_if action=reinterpret pc=0x00000274ad715bf8 method=java.util.zip.ZipFile$Source.isMetaName([BII)Z @ 3 c2
Event: 0.613 Thread 0x00000274a24f6000 DEOPT PACKING pc=0x00000274ad715bf8 sp=0x000000cfab9fa4a0
Event: 0.613 Thread 0x00000274a24f6000 DEOPT UNPACKING pc=0x00000274a5ca239d sp=0x000000cfab9fa448 mode 2

Classes unloaded (0 events):
No events

Classes redefined (0 events):
No events

Internal exceptions (0 events):
No events

VM Operations (4 events):
Event: 0.667 Executing VM operation: HandshakeAllThreads
Event: 0.667 Executing VM operation: HandshakeAllThreads done
Event: 0.668 Executing VM operation: HandshakeAllThreads
Event: 0.668 Executing VM operation: HandshakeAllThreads done

Events (20 events):
Event: 0.791 loading class jdk/internal/jimage/NativeImageBuffer
Event: 0.791 loading class jdk/internal/jimage/NativeImageBuffer done
Event: 0.791 loading class jdk/internal/jimage/NativeImageBuffer$1
Event: 0.791 loading class jdk/internal/jimage/NativeImageBuffer$1 done
Event: 0.792 Loaded shared library C:\Program Files\JetBrains\IntelliJ IDEA Community Edition 2022.2.1\jbr\bin\jimage.dll
Event: 0.792 loading class jdk/internal/jimage/ImageHeader
Event: 0.796 loading class jdk/internal/jimage/ImageHeader done
Event: 0.796 loading class java/nio/DirectIntBufferU
Event: 0.796 loading class java/nio/IntBuffer
Event: 0.797 loading class java/nio/IntBuffer done
Event: 0.797 loading class java/nio/DirectIntBufferU done
Event: 0.797 loading class java/nio/DirectByteBufferR
Event: 0.797 loading class java/nio/DirectByteBufferR done
Event: 0.798 loading class java/nio/DirectIntBufferRU
Event: 0.798 loading class java/nio/DirectIntBufferRU done
Event: 0.798 loading class jdk/internal/jimage/ImageStringsReader
Event: 0.798 loading class jdk/internal/jimage/ImageStrings
Event: 0.798 loading class jdk/internal/jimage/ImageStrings done
Event: 0.798 loading class jdk/internal/jimage/ImageStringsReader done
Event: 0.798 loading class jdk/internal/jimage/decompressor/Decompressor


Dynamic libraries:
0x00007ff6758a0000 - 0x00007ff6758aa000 	C:\Program Files\JetBrains\IntelliJ IDEA Community Edition 2022.2.1\jbr\bin\java.exe
0x00007fff2a110000 - 0x00007fff2a308000 	C:\Windows\SYSTEM32\ntdll.dll
0x00007fff28b40000 - 0x00007fff28bff000 	C:\Windows\System32\KERNEL32.DLL
0x00007fff27e80000 - 0x00007fff28152000 	C:\Windows\System32\KERNELBASE.dll
0x00007fff27a40000 - 0x00007fff27b40000 	C:\Windows\System32\ucrtbase.dll
0x00007fff20870000 - 0x00007fff20887000 	C:\Program Files\JetBrains\IntelliJ IDEA Community Edition 2022.2.1\jbr\bin\jli.dll
0x00007fff28970000 - 0x00007fff28b11000 	C:\Windows\System32\USER32.dll
0x00007fff279c0000 - 0x00007fff279e2000 	C:\Windows\System32\win32u.dll
0x00007fff299d0000 - 0x00007fff299fb000 	C:\Windows\System32\GDI32.dll
0x00007fff27b40000 - 0x00007fff27c4f000 	C:\Windows\System32\gdi32full.dll
0x00007fff27db0000 - 0x00007fff27e4d000 	C:\Windows\System32\msvcp_win.dll
0x00007fff1ce60000 - 0x00007fff1ce7b000 	C:\Program Files\JetBrains\IntelliJ IDEA Community Edition 2022.2.1\jbr\bin\VCRUNTIME140.dll
0x00007fff14a00000 - 0x00007fff14c9a000 	C:\Windows\WinSxS\amd64_microsoft.windows.common-controls_6595b64144ccf1df_6.0.19041.1110_none_60b5254171f9507e\COMCTL32.dll
0x00007fff2a030000 - 0x00007fff2a0ce000 	C:\Windows\System32\msvcrt.dll
0x00007fff287c0000 - 0x00007fff287f0000 	C:\Windows\System32\IMM32.DLL
0x00007fff23270000 - 0x00007fff2327c000 	C:\Program Files\JetBrains\IntelliJ IDEA Community Edition 2022.2.1\jbr\bin\vcruntime140_1.dll
0x00007fff01810000 - 0x00007fff0189d000 	C:\Program Files\JetBrains\IntelliJ IDEA Community Edition 2022.2.1\jbr\bin\msvcp140.dll
0x00007fff00b80000 - 0x00007fff017e8000 	C:\Program Files\JetBrains\IntelliJ IDEA Community Edition 2022.2.1\jbr\bin\server\jvm.dll
0x00007fff287f0000 - 0x00007fff2889e000 	C:\Windows\System32\ADVAPI32.dll
0x00007fff29b30000 - 0x00007fff29bcc000 	C:\Windows\System32\sechost.dll
0x00007fff29a00000 - 0x00007fff29b24000 	C:\Windows\System32\RPCRT4.dll
0x00007fff28b20000 - 0x00007fff28b28000 	C:\Windows\System32\PSAPI.DLL
0x00007fff22220000 - 0x00007fff22229000 	C:\Windows\SYSTEM32\WSOCK32.dll
0x00007fff29e30000 - 0x00007fff29e9b000 	C:\Windows\System32\WS2_32.dll
0x00007fff182b0000 - 0x00007fff182d7000 	C:\Windows\SYSTEM32\WINMM.dll
0x00007fff17810000 - 0x00007fff1781a000 	C:\Windows\SYSTEM32\VERSION.dll
0x00007fff255f0000 - 0x00007fff25602000 	C:\Windows\SYSTEM32\kernel.appcore.dll
0x00007fff221e0000 - 0x00007fff221ea000 	C:\Program Files\JetBrains\IntelliJ IDEA Community Edition 2022.2.1\jbr\bin\jimage.dll
0x00007fff16b30000 - 0x00007fff16d14000 	C:\Windows\SYSTEM32\DBGHELP.DLL
0x00007fff16890000 - 0x00007fff168c5000 	C:\Windows\SYSTEM32\dbgcore.DLL
0x00007fff27810000 - 0x00007fff27892000 	C:\Windows\System32\bcryptPrimitives.dll
0x00007fff19420000 - 0x00007fff19445000 	C:\Program Files\JetBrains\IntelliJ IDEA Community Edition 2022.2.1\jbr\bin\java.dll
0x00007fff18cb0000 - 0x00007fff18cc8000 	C:\Program Files\JetBrains\IntelliJ IDEA Community Edition 2022.2.1\jbr\bin\zip.dll
0x00007fff28e30000 - 0x00007fff29575000 	C:\Windows\System32\SHELL32.dll
0x00007fff258d0000 - 0x00007fff26062000 	C:\Windows\SYSTEM32\windows.storage.dll
0x00007fff29580000 - 0x00007fff298d5000 	C:\Windows\System32\combase.dll
0x00007fff27190000 - 0x00007fff271c0000 	C:\Windows\SYSTEM32\Wldp.dll
0x00007fff28220000 - 0x00007fff282cd000 	C:\Windows\System32\SHCORE.dll
0x00007fff29ea0000 - 0x00007fff29ef5000 	C:\Windows\System32\shlwapi.dll
0x00007fff27750000 - 0x00007fff2776f000 	C:\Windows\SYSTEM32\profapi.dll
0x00007fff183b0000 - 0x00007fff183c9000 	C:\Program Files\JetBrains\IntelliJ IDEA Community Edition 2022.2.1\jbr\bin\net.dll
0x00007fff1de40000 - 0x00007fff1df4a000 	C:\Windows\SYSTEM32\WINHTTP.dll
0x00007fff26ef0000 - 0x00007fff26f5a000 	C:\Windows\system32\mswsock.dll
0x00007fff12de0000 - 0x00007fff12df6000 	C:\Program Files\JetBrains\IntelliJ IDEA Community Edition 2022.2.1\jbr\bin\nio.dll
0x00007fff21890000 - 0x00007fff218a0000 	C:\Program Files\JetBrains\IntelliJ IDEA Community Edition 2022.2.1\jbr\bin\verify.dll

dbghelp: loaded successfully - version: 4.0.5 - missing functions: none
symbol engine: initialized successfully - sym options: 0x614 - pdb path: .;C:\Program Files\JetBrains\IntelliJ IDEA Community Edition 2022.2.1\jbr\bin;C:\Windows\SYSTEM32;C:\Windows\WinSxS\amd64_microsoft.windows.common-controls_6595b64144ccf1df_6.0.19041.1110_none_60b5254171f9507e;C:\Program Files\JetBrains\IntelliJ IDEA Community Edition 2022.2.1\jbr\bin\server

VM Arguments:
java_command: git4idea.http.GitAskPassApp Username for 'https://github.com': 
java_class_path (initial): C:/Program Files/JetBrains/IntelliJ IDEA Community Edition 2022.2.1/plugins/git4idea/lib/git4idea-rt.jar;C:/Program Files/JetBrains/IntelliJ IDEA Community Edition 2022.2.1/lib/externalProcess-rt.jar;C:/Program Files/JetBrains/IntelliJ IDEA Community Edition 2022.2.1/lib/app.jar;C:/Program Files/JetBrains/IntelliJ IDEA Community Edition 2022.2.1/lib/3rd-party-rt.jar
Launcher Type: SUN_STANDARD

[Global flags]
     intx CICompilerCount                          = 2                                         {product} {ergonomic}
     uint ConcGCThreads                            = 1                                         {product} {ergonomic}
     uint G1ConcRefinementThreads                  = 2                                         {product} {ergonomic}
   size_t G1HeapRegionSize                         = 1048576                                   {product} {ergonomic}
    uintx GCDrainStackTargetSize                   = 64                                        {product} {ergonomic}
   size_t InitialHeapSize                          = 100663296                                 {product} {ergonomic}
   size_t MarkStackSize                            = 4194304                                   {product} {ergonomic}
   size_t MaxHeapSize                              = 1583349760                                {product} {ergonomic}
   size_t MaxNewSize                               = 950009856                                 {product} {ergonomic}
   size_t MinHeapDeltaBytes                        = 1048576                                   {product} {ergonomic}
   size_t MinHeapSize                              = 8388608                                   {product} {ergonomic}
    uintx NonNMethodCodeHeapSize                   = 5826188                                {pd product} {ergonomic}
    uintx NonProfiledCodeHeapSize                  = 122916026                              {pd product} {ergonomic}
    uintx ProfiledCodeHeapSize                     = 122916026                              {pd product} {ergonomic}
    uintx ReservedCodeCacheSize                    = 251658240                              {pd product} {ergonomic}
     bool SegmentedCodeCache                       = true                                      {product} {ergonomic}
   size_t SoftMaxHeapSize                          = 1583349760                             {manageable} {ergonomic}
     bool UseCompressedClassPointers               = true                           {product lp64_product} {ergonomic}
     bool UseCompressedOops                        = true                           {product lp64_product} {ergonomic}
     bool UseG1GC                                  = true                                      {product} {ergonomic}
     bool UseLargePagesIndividualAllocation        = false                                  {pd product} {ergonomic}

Logging:
Log output configuration:
 #0: stdout all=warning uptime,level,tags
 #1: stderr all=off uptime,level,tags

Environment Variables:
PATH=C:\Program Files\Git\mingw64\libexec\git-core;C:\Program Files\Git\mingw64\libexec\git-core;C:\Program Files\Git\mingw64\bin;C:\Program Files\Git\usr\bin;C:\Users\Utente-PC\bin;C:\Program Files\Common Files\Oracle\Java\javapath;C:\Program Files (x86)\NVIDIA Corporation\PhysX\Common;C:\Windows\system32;C:\Windows;C:\Windows\System32\Wbem;C:\Windows\System32\WindowsPowerShell\v1.0;C:\Program Files\nodejs;C:\Program Files\Git\cmd;C:\Program Files\MySQL\MySQL Shell 8.0\bin;C:\Users\Utente-PC\AppData\Local\Microsoft\WindowsApps;C:\Users\Utente-PC\AppData\Local\Programs\Microsoft VS Code\bin;C:\Users\Utente-PC\AppData\Roaming\npm
USERNAME=Utente-PC
DISPLAY=:0.0
LC_ALL=en_US.UTF-8
OS=Windows_NT
PROCESSOR_IDENTIFIER=Intel64 Family 6 Model 42 Stepping 7, GenuineIntel



---------------  S Y S T E M  ---------------

OS:
 Windows 10 , 64 bit Build 19041 (10.0.19041.2546)
OS uptime: 0 days 0:28 hours

CPU: total 2 (initial active 2) (2 cores per cpu, 1 threads per core) family 6 model 42 stepping 7 microcode 0x2f, cx8, cmov, fxsr, mmx, sse, sse2, sse3, ssse3, sse4.1, sse4.2, popcnt, tsc, tscinvbit, clmul, clflush

Memory: 4k page, system-wide physical 6033M (787M free)
TotalPageFile size 6033M (AvailPageFile size 4M)
current process WorkingSet (physical memory assigned to process): 44M, peak: 44M
current process commit charge ("private bytes"): 159M, peak: 159M

vm_info: OpenJDK 64-Bit Server VM (17.0.3+7-b469.37) for windows-amd64 JRE (17.0.3+7-b469.37), built on 2022-08-01 by "builduser" with MS VC++ 16.10 / 16.11 (VS2019)

END.
